In order to get an optimal performance, hyperthreading is ignored for parallel
computations.

--------------------------------------------------------------------------------
*** Warning ***

This software is licensed for educational purposes only.

--------------------------------------------------------------------------------
Units settings: 

  Dimensions: mm
  Frequency:  GHz
  Time:       s

--------------------------------------------------------------------------------
Boundary conditions: 

  YZsymmetry: none
  XZsymmetry: none
  XYsymmetry: none

  Xmin: unit cell
  Xmax: unit cell

  Ymin: unit cell
  Ymax: unit cell

  Zmin: electric
  Zmax: expanded open

--------------------------------------------------------------------------------
Order settings: 

  Solver order   : 2nd (constant)
  Curved elements: up to order 3 (automatic)

--------------------------------------------------------------------------------
  Mesh time                :	3 s


--------------------------------------------------------------------------------

================================================================================
Frequency Domain Solver calculation cycle started

--------------------------------------------------------------------------------
Solver started at: 10:06 AM Friday, 31. July 2020

  Module:  Frequency Domain: S-Parameter (Win 64)
  Version: 2018.0 Release from 2017-10-26 (change 556462)

--------------------------------------------------------------------------------
The low frequency stabilization is not applied to periodic problems.

--------------------------------------------------------------------------------
  Calculation 1 of 1 (Frequency: 12 GHz, Theta: 0, Phi: 0)


--------------------------------------------------------------------------------
Adaptive mesh refinement pass 1

--------------------------------------------------------------------------------
  Matrix setup time        :	1 s
  Degrees of freedom       :	48110
  Number of mesh cells     :	8335

  Stimulation port         :	Zmax
  Mode number              :	1
  Accuracy                 :	7.53717e-05
  Iterations               :	10
  Solver time              :	1 s


--------------------------------------------------------------------------------
The input reflection seems to be large at 12 GHz, Theta: 0, Phi: 0. The adaptive
mesh refinement at this sample will be stopped. A new mesh adaptation frequency 
has been added for the monitor at 10 GHz.  More...

--------------------------------------------------------------------------------
  Generating results       :	1 s

  Total time               :	7 s

--------------------------------------------------------------------------------


--------------------------------------------------------------------------------
  Calculation 2 of 2 (Frequency: 10 GHz, Theta: 0, Phi: 0)


--------------------------------------------------------------------------------
Adaptive mesh refinement pass 1

--------------------------------------------------------------------------------
  Matrix setup time        :	0 s
  Degrees of freedom       :	48110
  Number of mesh cells     :	8335

  Stimulation port         :	Zmax
  Mode number              :	1
  Accuracy                 :	9.21832e-05
  Iterations               :	14
  Solver time              :	1 s


--------------------------------------------------------------------------------
53% of all mesh edges seem to be longer than expected. The adaptive mesh 
refinement's growth limitation will therefore use 35086 instead of 8301 mesh 
cells as a reference.

--------------------------------------------------------------------------------
Adaptive mesh refinement pass 2

--------------------------------------------------------------------------------
  Matrix setup time        :	1 s
  Degrees of freedom       :	61804
  Number of mesh cells     :	10477

  Stimulation port         :	Zmax
  Mode number              :	1
  Accuracy                 :	9.75672e-05
  Iterations               :	9
  Solver time              :	1 s


--------------------------------------------------------------------------------
  Delta calculation        
  All S-Parameters         :	0.0673012


--------------------------------------------------------------------------------
Adaptive mesh refinement pass 3

--------------------------------------------------------------------------------
  Matrix setup time        :	1 s
  Degrees of freedom       :	77334
  Number of mesh cells     :	13098

  Stimulation port         :	Zmax
  Mode number              :	1
  Accuracy                 :	8.14472e-05
  Iterations               :	9
  Solver time              :	2 s


--------------------------------------------------------------------------------
  Delta calculation        
  All S-Parameters         :	0.0644085


--------------------------------------------------------------------------------
Adaptive mesh refinement pass 4

--------------------------------------------------------------------------------
  Matrix setup time        :	1 s
  Solver setup             :	1 s
  Degrees of freedom       :	103534
  Number of mesh cells     :	17355

  Stimulation port         :	Zmax
  Mode number              :	1
  Accuracy                 :	7.21312e-05
  Iterations               :	9
  Solver time              :	1 s


--------------------------------------------------------------------------------
  Delta calculation        
  All S-Parameters         :	0.0571303


--------------------------------------------------------------------------------
Adaptive mesh refinement pass 5

--------------------------------------------------------------------------------
  Matrix setup time        :	1 s
  Solver setup             :	1 s
  Degrees of freedom       :	147908
  Number of mesh cells     :	24452

  Stimulation port         :	Zmax
  Mode number              :	1
  Accuracy                 :	6.24183e-05
  Iterations               :	9
  Solver time              :	1 s


--------------------------------------------------------------------------------
  Delta calculation        
  All S-Parameters         :	0.0369513


--------------------------------------------------------------------------------
Adaptive mesh refinement pass 6

--------------------------------------------------------------------------------
  Matrix setup time        :	2 s
  Solver setup             :	2 s
  Degrees of freedom       :	218764
  Number of mesh cells     :	35726

  Stimulation port         :	Zmax
  Mode number              :	1
  Accuracy                 :	9.88983e-05
  Iterations               :	8
  Solver time              :	2 s


--------------------------------------------------------------------------------
  Delta calculation        
  All S-Parameters         :	0.0297983


--------------------------------------------------------------------------------
Adaptive mesh refinement pass 7

--------------------------------------------------------------------------------
  Matrix setup time        :	4 s
  Solver setup             :	2 s
  Degrees of freedom       :	288912
  Number of mesh cells     :	46908

  Stimulation port         :	Zmax
  Mode number              :	1
  Accuracy                 :	6.77529e-05
  Iterations               :	8
  Solver time              :	3 s


--------------------------------------------------------------------------------
  Delta calculation        
  All S-Parameters         :	0.0202388


--------------------------------------------------------------------------------
Adaptive mesh refinement pass 8

--------------------------------------------------------------------------------
  Matrix setup time        :	3 s
  Solver setup             :	3 s
  Degrees of freedom       :	359098
  Number of mesh cells     :	58215

  Stimulation port         :	Zmax
  Mode number              :	1
  Accuracy                 :	5.9814e-05
  Iterations               :	8
  Solver time              :	5 s


--------------------------------------------------------------------------------
  Delta calculation        
  All S-Parameters         :	0.0113924


--------------------------------------------------------------------------------
Mesh adaptation terminated because the desired accuracy limit is reached.

--------------------------------------------------------------------------------
  Total time               :	81 s	 (= 0 h, 01 m, 21 s)

--------------------------------------------------------------------------------


--------------------------------------------------------------------------------
  Calculation 1 (Frequency: 12 GHz, Theta: 0, Phi: 0)


--------------------------------------------------------------------------------
  Matrix setup time        :	2 s
  Solver setup             :	3 s
  Degrees of freedom       :	359098
  Number of mesh cells     :	58215

  Stimulation port         :	Zmax
  Mode number              :	1
  Accuracy                 :	8.56407e-05
  Iterations               :	7
  Solver time              :	4 s


--------------------------------------------------------------------------------
  Total time               :	10 s

--------------------------------------------------------------------------------


--------------------------------------------------------------------------------
  Calculation 3 (Frequency: 8 GHz, Theta: 0, Phi: 0)


--------------------------------------------------------------------------------
  Matrix setup time        :	2 s
  Solver setup             :	3 s
  Degrees of freedom       :	359098
  Number of mesh cells     :	58215

  Stimulation port         :	Zmax
  Mode number              :	1
  Accuracy                 :	4.80132e-05
  Iterations               :	8
  Solver time              :	4 s


--------------------------------------------------------------------------------
  Total time               :	12 s

--------------------------------------------------------------------------------


--------------------------------------------------------------------------------
  Calculation 4 (Frequency: 11 GHz, Theta: 0, Phi: 0)


--------------------------------------------------------------------------------
  Matrix setup time        :	2 s
  Solver setup             :	3 s
  Degrees of freedom       :	359098
  Number of mesh cells     :	58215

  Stimulation port         :	Zmax
  Mode number              :	1
  Accuracy                 :	5.65596e-05
  Iterations               :	7
  Solver time              :	3 s


--------------------------------------------------------------------------------
  Generating results       :	1 s

  Total time               :	11 s

--------------------------------------------------------------------------------


--------------------------------------------------------------------------------
  Calculation 5 (Frequency: 9.872 GHz, Theta: 0, Phi: 0)


--------------------------------------------------------------------------------
  Matrix setup time        :	1 s
  Solver setup             :	3 s
  Degrees of freedom       :	359098
  Number of mesh cells     :	58215

  Stimulation port         :	Zmax
  Mode number              :	1
  Accuracy                 :	7.2022e-05
  Iterations               :	8
  Solver time              :	3 s


--------------------------------------------------------------------------------
  Total time               :	10 s

--------------------------------------------------------------------------------


--------------------------------------------------------------------------------
  Calculation 6 (Frequency: 10.276 GHz, Theta: 0, Phi: 0)


--------------------------------------------------------------------------------
  Matrix setup time        :	1 s
  Solver setup             :	3 s
  Degrees of freedom       :	359098
  Number of mesh cells     :	58215

  Stimulation port         :	Zmax
  Mode number              :	1
  Accuracy                 :	8.77253e-05
  Iterations               :	7
  Solver time              :	3 s


--------------------------------------------------------------------------------
  Generating results       :	1 s

  Total time               :	10 s

--------------------------------------------------------------------------------


--------------------------------------------------------------------------------
  Calculation 7 (Frequency: 9.628 GHz, Theta: 0, Phi: 0)


--------------------------------------------------------------------------------
  Matrix setup time        :	2 s
  Solver setup             :	2 s
  Degrees of freedom       :	359098
  Number of mesh cells     :	58215

  Stimulation port         :	Zmax
  Mode number              :	1
  Accuracy                 :	9.16812e-05
  Iterations               :	8
  Solver time              :	4 s


--------------------------------------------------------------------------------
  Total time               :	10 s

--------------------------------------------------------------------------------


--------------------------------------------------------------------------------
  Calculation 8 (Frequency: 10.664 GHz, Theta: 0, Phi: 0)


--------------------------------------------------------------------------------
  Matrix setup time        :	2 s
  Solver setup             :	3 s
  Degrees of freedom       :	359098
  Number of mesh cells     :	58215

  Stimulation port         :	Zmax
  Mode number              :	1
  Accuracy                 :	9.71141e-06
  Iterations               :	5
  Solver time              :	3 s


--------------------------------------------------------------------------------
  Total time               :	10 s

--------------------------------------------------------------------------------


--------------------------------------------------------------------------------
  Calculation 9 (Frequency: 8.92 GHz, Theta: 0, Phi: 0)


--------------------------------------------------------------------------------
  Matrix setup time        :	2 s
  Solver setup             :	3 s
  Degrees of freedom       :	359098
  Number of mesh cells     :	58215

  Stimulation port         :	Zmax
  Mode number              :	1
  Accuracy                 :	8.08644e-05
  Iterations               :	5
  Solver time              :	2 s


--------------------------------------------------------------------------------
  Total time               :	9 s

--------------------------------------------------------------------------------


--------------------------------------------------------------------------------
  Calculation 10 (Frequency: 10.12 GHz, Theta: 0, Phi: 0)


--------------------------------------------------------------------------------
  Matrix setup time        :	2 s
  Solver setup             :	3 s
  Degrees of freedom       :	359098
  Number of mesh cells     :	58215

  Stimulation port         :	Zmax
  Mode number              :	1
  Accuracy                 :	2.48158e-05
  Iterations               :	5
  Solver time              :	2 s


--------------------------------------------------------------------------------
  Total time               :	10 s

--------------------------------------------------------------------------------


--------------------------------------------------------------------------------
  Calculation 11 (Frequency: 9.44 GHz, Theta: 0, Phi: 0)


--------------------------------------------------------------------------------
  Matrix setup time        :	1 s
  Solver setup             :	4 s
  Degrees of freedom       :	359098
  Number of mesh cells     :	58215

  Stimulation port         :	Zmax
  Mode number              :	1
  Accuracy                 :	7.35992e-05
  Iterations               :	7
  Solver time              :	3 s


--------------------------------------------------------------------------------
  Generating results       :	1 s

  Total time               :	12 s

--------------------------------------------------------------------------------


--------------------------------------------------------------------------------
  Calculation 12 (Frequency: 9.712 GHz, Theta: 0, Phi: 0)


--------------------------------------------------------------------------------
  Matrix setup time        :	1 s
  Solver setup             :	4 s
  Degrees of freedom       :	359098
  Number of mesh cells     :	58215

  Stimulation port         :	Zmax
  Mode number              :	1
  Accuracy                 :	9.08865e-05
  Iterations               :	6
  Solver time              :	2 s


--------------------------------------------------------------------------------
  Total time               :	10 s

--------------------------------------------------------------------------------


--------------------------------------------------------------------------------
  Calculation 13 (Frequency: 9.532 GHz, Theta: 0, Phi: 0)


--------------------------------------------------------------------------------
  Matrix setup time        :	2 s
  Solver setup             :	4 s
  Degrees of freedom       :	359098
  Number of mesh cells     :	58215

  Stimulation port         :	Zmax
  Mode number              :	1
  Accuracy                 :	6.81395e-05
  Iterations               :	5
  Solver time              :	3 s


--------------------------------------------------------------------------------
  Total time               :	11 s

--------------------------------------------------------------------------------


--------------------------------------------------------------------------------
  Calculation 14 (Frequency: 9.784 GHz, Theta: 0, Phi: 0)


--------------------------------------------------------------------------------
  Matrix setup time        :	2 s
  Solver setup             :	4 s
  Degrees of freedom       :	359098
  Number of mesh cells     :	58215

  Stimulation port         :	Zmax
  Mode number              :	1
  Accuracy                 :	8.1343e-05
  Iterations               :	7
  Solver time              :	5 s


--------------------------------------------------------------------------------
  Total time               :	14 s

--------------------------------------------------------------------------------


--------------------------------------------------------------------------------
  Calculation 15 (Frequency: 8.42 GHz, Theta: 0, Phi: 0)


--------------------------------------------------------------------------------
  Matrix setup time        :	2 s
  Solver setup             :	4 s
  Degrees of freedom       :	359098
  Number of mesh cells     :	58215

  Stimulation port         :	Zmax
  Mode number              :	1
  Accuracy                 :	4.63521e-06
  Iterations               :	5
  Solver time              :	3 s


--------------------------------------------------------------------------------
  Generating results       :	1 s

  Total time               :	13 s

--------------------------------------------------------------------------------


--------------------------------------------------------------------------------
  Calculation 16 (Frequency: 9.804 GHz, Theta: 0, Phi: 0)


--------------------------------------------------------------------------------
  Matrix setup time        :	3 s
  Solver setup             :	4 s
  Degrees of freedom       :	359098
  Number of mesh cells     :	58215

  Stimulation port         :	Zmax
  Mode number              :	1
  Accuracy                 :	4.81769e-05
  Iterations               :	5
  Solver time              :	3 s


--------------------------------------------------------------------------------
  Total time               :	12 s

--------------------------------------------------------------------------------


--------------------------------------------------------------------------------
  Calculation 17 (Frequency: 9.768 GHz, Theta: 0, Phi: 0)


--------------------------------------------------------------------------------
  Matrix setup time        :	2 s
  Solver setup             :	5 s
  Degrees of freedom       :	359098
  Number of mesh cells     :	58215

  Stimulation port         :	Zmax
  Mode number              :	1
  Accuracy                 :	6.26847e-06
  Iterations               :	5
  Solver time              :	3 s


--------------------------------------------------------------------------------
  Total time               :	13 s

--------------------------------------------------------------------------------


--------------------------------------------------------------------------------
  Calculation 18 (Frequency: 9.844 GHz, Theta: 0, Phi: 0)


--------------------------------------------------------------------------------
  Matrix setup time        :	2 s
  Solver setup             :	3 s
  Degrees of freedom       :	359098
  Number of mesh cells     :	58215

  Stimulation port         :	Zmax
  Mode number              :	1
  Accuracy                 :	3.60195e-05
  Iterations               :	5
  Solver time              :	3 s


--------------------------------------------------------------------------------
  Total time               :	11 s

--------------------------------------------------------------------------------


--------------------------------------------------------------------------------
  Calculation 19 (Frequency: 11.596 GHz, Theta: 0, Phi: 0)


--------------------------------------------------------------------------------
  Matrix setup time        :	2 s
  Solver setup             :	4 s
  Degrees of freedom       :	359098
  Number of mesh cells     :	58215

  Stimulation port         :	Zmax
  Mode number              :	1
  Accuracy                 :	5.27665e-06
  Iterations               :	5
  Solver time              :	2 s


--------------------------------------------------------------------------------
  Generating results       :	1 s

  Total time               :	11 s

--------------------------------------------------------------------------------


--------------------------------------------------------------------------------
  Calculation 20 (Frequency: 9.836 GHz, Theta: 0, Phi: 0)


--------------------------------------------------------------------------------
  Matrix setup time        :	1 s
  Solver setup             :	4 s
  Degrees of freedom       :	359098
  Number of mesh cells     :	58215

  Stimulation port         :	Zmax
  Mode number              :	1
  Accuracy                 :	3.08331e-05
  Iterations               :	5
  Solver time              :	3 s


--------------------------------------------------------------------------------
  Total time               :	10 s

--------------------------------------------------------------------------------


--------------------------------------------------------------------------------
  Calculation 21 (Frequency: 9.848 GHz, Theta: 0, Phi: 0)


--------------------------------------------------------------------------------
  Matrix setup time        :	2 s
  Solver setup             :	4 s
  Degrees of freedom       :	359098
  Number of mesh cells     :	58215

  Stimulation port         :	Zmax
  Mode number              :	1
  Accuracy                 :	3.20532e-06
  Iterations               :	5
  Solver time              :	2 s


--------------------------------------------------------------------------------
  Total time               :	10 s

--------------------------------------------------------------------------------


--------------------------------------------------------------------------------
  Calculation 22 (Frequency: 9.84 GHz, Theta: 0, Phi: 0)


--------------------------------------------------------------------------------
  Matrix setup time        :	2 s
  Solver setup             :	5 s
  Degrees of freedom       :	359098
  Number of mesh cells     :	58215

  Stimulation port         :	Zmax
  Mode number              :	1
  Accuracy                 :	2.39307e-06
  Iterations               :	5
  Solver time              :	3 s


--------------------------------------------------------------------------------
  Total time               :	13 s

--------------------------------------------------------------------------------


--------------------------------------------------------------------------------
  Calculation 23 (Frequency: 9.828 GHz, Theta: 0, Phi: 0)


--------------------------------------------------------------------------------
  Matrix setup time        :	2 s
  Solver setup             :	5 s
  Degrees of freedom       :	359098
  Number of mesh cells     :	58215

  Stimulation port         :	Zmax
  Mode number              :	1
  Accuracy                 :	7.65438e-06
  Iterations               :	5
  Solver time              :	3 s


--------------------------------------------------------------------------------
  Total time               :	13 s

--------------------------------------------------------------------------------


--------------------------------------------------------------------------------
  Calculation 24 (Frequency: 9.908 GHz, Theta: 0, Phi: 0)


--------------------------------------------------------------------------------
  Matrix setup time        :	2 s
  Solver setup             :	5 s
  Degrees of freedom       :	359098
  Number of mesh cells     :	58215

  Stimulation port         :	Zmax
  Mode number              :	1
  Accuracy                 :	6.10502e-06
  Iterations               :	5
  Solver time              :	3 s


--------------------------------------------------------------------------------
  Total time               :	13 s

--------------------------------------------------------------------------------


--------------------------------------------------------------------------------
Finished the general purpose interpolative broadband frequency sweep:
All broadband sweep convergence criteria have been satisfied after
calculating 24 frequency samples:

  Broadband sweep error threshold value : 
                                          0.01 (All S-Parameters) 
  Number of error criterion checks      : 
                                          2 (All S-Parameters) 
  Minimum number of samples             : 3


--------------------------------------------------------------------------------
  Total Solver Time        :	349 s	 (= 0 h, 05 m, 49 s)
================================================================================



--------------------------------------------------------------------------------
Calculating remaining monitors.

--------------------------------------------------------------------------------
  ----------------------------------------------------------------------------
                      Peak memory used (kB)         Free physical memory (kB) 
                                                    At begin     Minimum      
  ----------------------------------------------------------------------------
  Solver start        16092                         1687396      1687396      
  Eq. system setup    990268                        1651652      1133636      
  Eq. system solve    990268                        1622304      935532       
  Mesh refinement     780692                        1547864      1166492      
  Solver run total    990268                        1687404      935532       

  Computer name       DESKTOP-PBJVK0K
  ----------------------------------------------------------------------------


--------------------------------------------------------------------------------
Creating parametric 1D results for Run ID 1

--------------------------------------------------------------------------------
