Unknown:
C:\Users\chris\Desktop\Photonics\Photonics_CST\Dif80\Result\Estimate (#0000).err
C:\Users\chris\Desktop\Photonics\Photonics_CST\Dif80\Result\mesh.tfo
C:\Users\chris\Desktop\Photonics\Photonics_CST\Dif80\Result\Model.inf
C:\Users\chris\Desktop\Photonics\Photonics_CST\Dif80\Result\Model.log
C:\Users\chris\Desktop\Photonics\Photonics_CST\Dif80\Result\Model.sa
C:\Users\chris\Desktop\Photonics\Photonics_CST\Dif80\Result\Port1_e1(#0000).sct
C:\Users\chris\Desktop\Photonics\Photonics_CST\Dif80\Result\Port1_e1_pmm_10.tfo
C:\Users\chris\Desktop\Photonics\Photonics_CST\Dif80\Result\Port1_e2(#0000).sct
C:\Users\chris\Desktop\Photonics\Photonics_CST\Dif80\Result\Port1_e2_pmm_10.tfo
C:\Users\chris\Desktop\Photonics\Photonics_CST\Dif80\Result\Port1_e3(#0000).sct
C:\Users\chris\Desktop\Photonics\Photonics_CST\Dif80\Result\Port1_e3_pmm_10.tfo
C:\Users\chris\Desktop\Photonics\Photonics_CST\Dif80\Result\Port1_e4(#0000).sct
C:\Users\chris\Desktop\Photonics\Photonics_CST\Dif80\Result\Port1_e4_pmm_10.tfo
C:\Users\chris\Desktop\Photonics\Photonics_CST\Dif80\Result\Port1_e5(#0000).sct
C:\Users\chris\Desktop\Photonics\Photonics_CST\Dif80\Result\Port1_e5_pmm_10.tfo
C:\Users\chris\Desktop\Photonics\Photonics_CST\Dif80\Result\Port1_e6(#0000).sct
C:\Users\chris\Desktop\Photonics\Photonics_CST\Dif80\Result\Port1_e6_pmm_10.tfo
C:\Users\chris\Desktop\Photonics\Photonics_CST\Dif80\Result\Port1_eInfo1(#0000).pmf
C:\Users\chris\Desktop\Photonics\Photonics_CST\Dif80\Result\Port1_eInfo2(#0000).pmf
C:\Users\chris\Desktop\Photonics\Photonics_CST\Dif80\Result\Port1_eInfo3(#0000).pmf
C:\Users\chris\Desktop\Photonics\Photonics_CST\Dif80\Result\Port1_eInfo4(#0000).pmf
C:\Users\chris\Desktop\Photonics\Photonics_CST\Dif80\Result\Port1_eInfo5(#0000).pmf
C:\Users\chris\Desktop\Photonics\Photonics_CST\Dif80\Result\Port1_eInfo6(#0000).pmf
C:\Users\chris\Desktop\Photonics\Photonics_CST\Dif80\Result\Port1_eout1(#0000).sct
C:\Users\chris\Desktop\Photonics\Photonics_CST\Dif80\Result\Port1_eout1_pmm_10.tfo
C:\Users\chris\Desktop\Photonics\Photonics_CST\Dif80\Result\Port1_eout2(#0000).sct
C:\Users\chris\Desktop\Photonics\Photonics_CST\Dif80\Result\Port1_eout2_pmm_10.tfo
C:\Users\chris\Desktop\Photonics\Photonics_CST\Dif80\Result\Port1_eout3(#0000).sct
C:\Users\chris\Desktop\Photonics\Photonics_CST\Dif80\Result\Port1_eout3_pmm_10.tfo
C:\Users\chris\Desktop\Photonics\Photonics_CST\Dif80\Result\Port1_eout4(#0000).sct
C:\Users\chris\Desktop\Photonics\Photonics_CST\Dif80\Result\Port1_eout4_pmm_10.tfo
C:\Users\chris\Desktop\Photonics\Photonics_CST\Dif80\Result\Port1_eout5(#0000).sct
C:\Users\chris\Desktop\Photonics\Photonics_CST\Dif80\Result\Port1_eout5_pmm_10.tfo
C:\Users\chris\Desktop\Photonics\Photonics_CST\Dif80\Result\Port1_eout6(#0000).sct
C:\Users\chris\Desktop\Photonics\Photonics_CST\Dif80\Result\Port1_eout6_pmm_10.tfo
C:\Users\chris\Desktop\Photonics\Photonics_CST\Dif80\Result\Port1_h1(#0000).sct
C:\Users\chris\Desktop\Photonics\Photonics_CST\Dif80\Result\Port1_h1_pmm_10.tfo
C:\Users\chris\Desktop\Photonics\Photonics_CST\Dif80\Result\Port1_h2(#0000).sct
C:\Users\chris\Desktop\Photonics\Photonics_CST\Dif80\Result\Port1_h2_pmm_10.tfo
C:\Users\chris\Desktop\Photonics\Photonics_CST\Dif80\Result\Port1_h3(#0000).sct
C:\Users\chris\Desktop\Photonics\Photonics_CST\Dif80\Result\Port1_h3_pmm_10.tfo
C:\Users\chris\Desktop\Photonics\Photonics_CST\Dif80\Result\Port1_h4(#0000).sct
C:\Users\chris\Desktop\Photonics\Photonics_CST\Dif80\Result\Port1_h4_pmm_10.tfo
C:\Users\chris\Desktop\Photonics\Photonics_CST\Dif80\Result\Port1_h5(#0000).sct
C:\Users\chris\Desktop\Photonics\Photonics_CST\Dif80\Result\Port1_h5_pmm_10.tfo
C:\Users\chris\Desktop\Photonics\Photonics_CST\Dif80\Result\Port1_h6(#0000).sct
C:\Users\chris\Desktop\Photonics\Photonics_CST\Dif80\Result\Port1_h6_pmm_10.tfo
C:\Users\chris\Desktop\Photonics\Photonics_CST\Dif80\Result\Port1_hInfo1(#0000).pmf
C:\Users\chris\Desktop\Photonics\Photonics_CST\Dif80\Result\Port1_hInfo2(#0000).pmf
C:\Users\chris\Desktop\Photonics\Photonics_CST\Dif80\Result\Port1_hInfo3(#0000).pmf
C:\Users\chris\Desktop\Photonics\Photonics_CST\Dif80\Result\Port1_hInfo4(#0000).pmf
C:\Users\chris\Desktop\Photonics\Photonics_CST\Dif80\Result\Port1_hInfo5(#0000).pmf
C:\Users\chris\Desktop\Photonics\Photonics_CST\Dif80\Result\Port1_hInfo6(#0000).pmf
C:\Users\chris\Desktop\Photonics\Photonics_CST\Dif80\Result\Port1_hout1(#0000).sct
C:\Users\chris\Desktop\Photonics\Photonics_CST\Dif80\Result\Port1_hout1_pmm_10.tfo
C:\Users\chris\Desktop\Photonics\Photonics_CST\Dif80\Result\Port1_hout2(#0000).sct
C:\Users\chris\Desktop\Photonics\Photonics_CST\Dif80\Result\Port1_hout2_pmm_10.tfo
C:\Users\chris\Desktop\Photonics\Photonics_CST\Dif80\Result\Port1_hout3(#0000).sct
C:\Users\chris\Desktop\Photonics\Photonics_CST\Dif80\Result\Port1_hout3_pmm_10.tfo
C:\Users\chris\Desktop\Photonics\Photonics_CST\Dif80\Result\Port1_hout4(#0000).sct
C:\Users\chris\Desktop\Photonics\Photonics_CST\Dif80\Result\Port1_hout4_pmm_10.tfo
C:\Users\chris\Desktop\Photonics\Photonics_CST\Dif80\Result\Port1_hout5(#0000).sct
C:\Users\chris\Desktop\Photonics\Photonics_CST\Dif80\Result\Port1_hout5_pmm_10.tfo
C:\Users\chris\Desktop\Photonics\Photonics_CST\Dif80\Result\Port1_hout6(#0000).sct
C:\Users\chris\Desktop\Photonics\Photonics_CST\Dif80\Result\Port1_hout6_pmm_10.tfo
C:\Users\chris\Desktop\Photonics\Photonics_CST\Dif80\Result\Port1_p1(#0000).sct
C:\Users\chris\Desktop\Photonics\Photonics_CST\Dif80\Result\Port1_p1_pmm_10.tfo
C:\Users\chris\Desktop\Photonics\Photonics_CST\Dif80\Result\Port1_p2(#0000).sct
C:\Users\chris\Desktop\Photonics\Photonics_CST\Dif80\Result\Port1_p2_pmm_10.tfo
C:\Users\chris\Desktop\Photonics\Photonics_CST\Dif80\Result\Port1_p3(#0000).sct
C:\Users\chris\Desktop\Photonics\Photonics_CST\Dif80\Result\Port1_p3_pmm_10.tfo
C:\Users\chris\Desktop\Photonics\Photonics_CST\Dif80\Result\Port1_p4(#0000).sct
C:\Users\chris\Desktop\Photonics\Photonics_CST\Dif80\Result\Port1_p4_pmm_10.tfo
C:\Users\chris\Desktop\Photonics\Photonics_CST\Dif80\Result\Port1_p5(#0000).sct
C:\Users\chris\Desktop\Photonics\Photonics_CST\Dif80\Result\Port1_p5_pmm_10.tfo
C:\Users\chris\Desktop\Photonics\Photonics_CST\Dif80\Result\Port1_p6(#0000).sct
C:\Users\chris\Desktop\Photonics\Photonics_CST\Dif80\Result\Port1_p6_pmm_10.tfo
C:\Users\chris\Desktop\Photonics\Photonics_CST\Dif80\Result\Port1_pInfo1(#0000).pmf
C:\Users\chris\Desktop\Photonics\Photonics_CST\Dif80\Result\Port1_pInfo2(#0000).pmf
C:\Users\chris\Desktop\Photonics\Photonics_CST\Dif80\Result\Port1_pInfo3(#0000).pmf
C:\Users\chris\Desktop\Photonics\Photonics_CST\Dif80\Result\Port1_pInfo4(#0000).pmf
C:\Users\chris\Desktop\Photonics\Photonics_CST\Dif80\Result\Port1_pInfo5(#0000).pmf
C:\Users\chris\Desktop\Photonics\Photonics_CST\Dif80\Result\Port1_pInfo6(#0000).pmf
C:\Users\chris\Desktop\Photonics\Photonics_CST\Dif80\Result\Port1_pout1(#0000).sct
C:\Users\chris\Desktop\Photonics\Photonics_CST\Dif80\Result\Port1_pout1_pmm_10.tfo
C:\Users\chris\Desktop\Photonics\Photonics_CST\Dif80\Result\Port1_pout2(#0000).sct
C:\Users\chris\Desktop\Photonics\Photonics_CST\Dif80\Result\Port1_pout2_pmm_10.tfo
C:\Users\chris\Desktop\Photonics\Photonics_CST\Dif80\Result\Port1_pout3(#0000).sct
C:\Users\chris\Desktop\Photonics\Photonics_CST\Dif80\Result\Port1_pout3_pmm_10.tfo
C:\Users\chris\Desktop\Photonics\Photonics_CST\Dif80\Result\Port1_pout4(#0000).sct
C:\Users\chris\Desktop\Photonics\Photonics_CST\Dif80\Result\Port1_pout4_pmm_10.tfo
C:\Users\chris\Desktop\Photonics\Photonics_CST\Dif80\Result\Port1_pout5(#0000).sct
C:\Users\chris\Desktop\Photonics\Photonics_CST\Dif80\Result\Port1_pout5_pmm_10.tfo
C:\Users\chris\Desktop\Photonics\Photonics_CST\Dif80\Result\Port1_pout6(#0000).sct
C:\Users\chris\Desktop\Photonics\Photonics_CST\Dif80\Result\Port1_pout6_pmm_10.tfo
C:\Users\chris\Desktop\Photonics\Photonics_CST\Dif80\Result\SolCoef(#0000)_Zmax(1).scf
Mesh:
C:\Users\chris\Desktop\Photonics\Photonics_CST\Dif80\Result\3do.slim
C:\Users\chris\Desktop\Photonics\Photonics_CST\Dif80\Result\CellNameTo_ML_BGIDMap.tet
C:\Users\chris\Desktop\Photonics\Photonics_CST\Dif80\Result\Entities2Mesh.tet
C:\Users\chris\Desktop\Photonics\Photonics_CST\Dif80\Result\log.tet
C:\Users\chris\Desktop\Photonics\Photonics_CST\Dif80\Result\meshprops.tet
C:\Users\chris\Desktop\Photonics\Photonics_CST\Dif80\Result\mir.tet
C:\Users\chris\Desktop\Photonics\Photonics_CST\Dif80\Result\ML_BGID_To_ZStart_Map.tet
C:\Users\chris\Desktop\Photonics\Photonics_CST\Dif80\Result\Model.mss
C:\Users\chris\Desktop\Photonics\Photonics_CST\Dif80\Result\moegeom.tet
C:\Users\chris\Desktop\Photonics\Photonics_CST\Dif80\Result\Port1.slim
C:\Users\chris\Desktop\Photonics\Photonics_CST\Dif80\Result\refinementparents.tet
C:\Users\chris\Desktop\Photonics\Photonics_CST\Dif80\Result\reftags.tet
C:\Users\chris\Desktop\Photonics\Photonics_CST\Dif80\Result\tetquality.tet
C:\Users\chris\Desktop\Photonics\Photonics_CST\Dif80\Result\topot.tet
Port:
C:\Users\chris\Desktop\Photonics\Photonics_CST\Dif80\Result\Model.pmi
