Unknown:
C:\Users\chris\Desktop\Photonics\CST\exercise\Result\mesh.tfo
C:\Users\chris\Desktop\Photonics\CST\exercise\Result\Model.inf
C:\Users\chris\Desktop\Photonics\CST\exercise\Result\Model.log
C:\Users\chris\Desktop\Photonics\CST\exercise\Result\Model.sa
C:\Users\chris\Desktop\Photonics\CST\exercise\Result\Model.swp
C:\Users\chris\Desktop\Photonics\CST\exercise\Result\Port1_e1(#0000).sct
C:\Users\chris\Desktop\Photonics\CST\exercise\Result\Port1_e1(#0001).sct
C:\Users\chris\Desktop\Photonics\CST\exercise\Result\Port1_e1(#0002).sct
C:\Users\chris\Desktop\Photonics\CST\exercise\Result\Port1_e1(#0003).sct
C:\Users\chris\Desktop\Photonics\CST\exercise\Result\Port1_e1(#0004).sct
C:\Users\chris\Desktop\Photonics\CST\exercise\Result\Port1_e1(#0005).sct
C:\Users\chris\Desktop\Photonics\CST\exercise\Result\Port1_e1(#0006).sct
C:\Users\chris\Desktop\Photonics\CST\exercise\Result\Port1_e1(#0007).sct
C:\Users\chris\Desktop\Photonics\CST\exercise\Result\Port1_e1(#0008).sct
C:\Users\chris\Desktop\Photonics\CST\exercise\Result\Port1_e1(#0009).sct
C:\Users\chris\Desktop\Photonics\CST\exercise\Result\Port1_e1(#0010).sct
C:\Users\chris\Desktop\Photonics\CST\exercise\Result\Port1_e1_pmm_0.149896229.tfo
C:\Users\chris\Desktop\Photonics\CST\exercise\Result\Port1_e1_pmm_0.164286266984.tfo
C:\Users\chris\Desktop\Photonics\CST\exercise\Result\Port1_e1_pmm_0.192166965578.tfo
C:\Users\chris\Desktop\Photonics\CST\exercise\Result\Port1_e1_pmm_0.26231840075.tfo
C:\Users\chris\Desktop\Photonics\CST\exercise\Result\Port1_e1_pmm_0.306837580763.tfo
C:\Users\chris\Desktop\Photonics\CST\exercise\Result\Port1_e1_pmm_0.3747405725.tfo
C:\Users\chris\Desktop\Photonics\CST\exercise\Result\Port1_e1_pmm_0.477719281823.tfo
C:\Users\chris\Desktop\Photonics\CST\exercise\Result\Port1_e1_pmm_0.48716274425.tfo
C:\Users\chris\Desktop\Photonics\CST\exercise\Result\Port1_e1_pmm_0.561811066292.tfo
C:\Users\chris\Desktop\Photonics\CST\exercise\Result\Port1_e1_pmm_0.587443321451.tfo
C:\Users\chris\Desktop\Photonics\CST\exercise\Result\Port1_e1_pmm_0.599584916.tfo
C:\Users\chris\Desktop\Photonics\CST\exercise\Result\Port1_e2(#0000).sct
C:\Users\chris\Desktop\Photonics\CST\exercise\Result\Port1_e2(#0001).sct
C:\Users\chris\Desktop\Photonics\CST\exercise\Result\Port1_e2(#0002).sct
C:\Users\chris\Desktop\Photonics\CST\exercise\Result\Port1_e2(#0003).sct
C:\Users\chris\Desktop\Photonics\CST\exercise\Result\Port1_e2(#0004).sct
C:\Users\chris\Desktop\Photonics\CST\exercise\Result\Port1_e2(#0005).sct
C:\Users\chris\Desktop\Photonics\CST\exercise\Result\Port1_e2(#0006).sct
C:\Users\chris\Desktop\Photonics\CST\exercise\Result\Port1_e2(#0007).sct
C:\Users\chris\Desktop\Photonics\CST\exercise\Result\Port1_e2(#0008).sct
C:\Users\chris\Desktop\Photonics\CST\exercise\Result\Port1_e2(#0009).sct
C:\Users\chris\Desktop\Photonics\CST\exercise\Result\Port1_e2(#0010).sct
C:\Users\chris\Desktop\Photonics\CST\exercise\Result\Port1_e2_pmm_0.149896229.tfo
C:\Users\chris\Desktop\Photonics\CST\exercise\Result\Port1_e2_pmm_0.164286266984.tfo
C:\Users\chris\Desktop\Photonics\CST\exercise\Result\Port1_e2_pmm_0.192166965578.tfo
C:\Users\chris\Desktop\Photonics\CST\exercise\Result\Port1_e2_pmm_0.26231840075.tfo
C:\Users\chris\Desktop\Photonics\CST\exercise\Result\Port1_e2_pmm_0.306837580763.tfo
C:\Users\chris\Desktop\Photonics\CST\exercise\Result\Port1_e2_pmm_0.3747405725.tfo
C:\Users\chris\Desktop\Photonics\CST\exercise\Result\Port1_e2_pmm_0.477719281823.tfo
C:\Users\chris\Desktop\Photonics\CST\exercise\Result\Port1_e2_pmm_0.48716274425.tfo
C:\Users\chris\Desktop\Photonics\CST\exercise\Result\Port1_e2_pmm_0.561811066292.tfo
C:\Users\chris\Desktop\Photonics\CST\exercise\Result\Port1_e2_pmm_0.587443321451.tfo
C:\Users\chris\Desktop\Photonics\CST\exercise\Result\Port1_e2_pmm_0.599584916.tfo
C:\Users\chris\Desktop\Photonics\CST\exercise\Result\Port1_eInfo1(#0000).pmf
C:\Users\chris\Desktop\Photonics\CST\exercise\Result\Port1_eInfo1(#0001).pmf
C:\Users\chris\Desktop\Photonics\CST\exercise\Result\Port1_eInfo1(#0002).pmf
C:\Users\chris\Desktop\Photonics\CST\exercise\Result\Port1_eInfo1(#0003).pmf
C:\Users\chris\Desktop\Photonics\CST\exercise\Result\Port1_eInfo1(#0004).pmf
C:\Users\chris\Desktop\Photonics\CST\exercise\Result\Port1_eInfo1(#0005).pmf
C:\Users\chris\Desktop\Photonics\CST\exercise\Result\Port1_eInfo1(#0006).pmf
C:\Users\chris\Desktop\Photonics\CST\exercise\Result\Port1_eInfo1(#0007).pmf
C:\Users\chris\Desktop\Photonics\CST\exercise\Result\Port1_eInfo1(#0008).pmf
C:\Users\chris\Desktop\Photonics\CST\exercise\Result\Port1_eInfo1(#0009).pmf
C:\Users\chris\Desktop\Photonics\CST\exercise\Result\Port1_eInfo1(#0010).pmf
C:\Users\chris\Desktop\Photonics\CST\exercise\Result\Port1_eInfo2(#0000).pmf
C:\Users\chris\Desktop\Photonics\CST\exercise\Result\Port1_eInfo2(#0001).pmf
C:\Users\chris\Desktop\Photonics\CST\exercise\Result\Port1_eInfo2(#0002).pmf
C:\Users\chris\Desktop\Photonics\CST\exercise\Result\Port1_eInfo2(#0003).pmf
C:\Users\chris\Desktop\Photonics\CST\exercise\Result\Port1_eInfo2(#0004).pmf
C:\Users\chris\Desktop\Photonics\CST\exercise\Result\Port1_eInfo2(#0005).pmf
C:\Users\chris\Desktop\Photonics\CST\exercise\Result\Port1_eInfo2(#0006).pmf
C:\Users\chris\Desktop\Photonics\CST\exercise\Result\Port1_eInfo2(#0007).pmf
C:\Users\chris\Desktop\Photonics\CST\exercise\Result\Port1_eInfo2(#0008).pmf
C:\Users\chris\Desktop\Photonics\CST\exercise\Result\Port1_eInfo2(#0009).pmf
C:\Users\chris\Desktop\Photonics\CST\exercise\Result\Port1_eInfo2(#0010).pmf
C:\Users\chris\Desktop\Photonics\CST\exercise\Result\Port1_eout1(#0000).sct
C:\Users\chris\Desktop\Photonics\CST\exercise\Result\Port1_eout1(#0001).sct
C:\Users\chris\Desktop\Photonics\CST\exercise\Result\Port1_eout1(#0002).sct
C:\Users\chris\Desktop\Photonics\CST\exercise\Result\Port1_eout1(#0003).sct
C:\Users\chris\Desktop\Photonics\CST\exercise\Result\Port1_eout1(#0004).sct
C:\Users\chris\Desktop\Photonics\CST\exercise\Result\Port1_eout1(#0005).sct
C:\Users\chris\Desktop\Photonics\CST\exercise\Result\Port1_eout1(#0006).sct
C:\Users\chris\Desktop\Photonics\CST\exercise\Result\Port1_eout1(#0007).sct
C:\Users\chris\Desktop\Photonics\CST\exercise\Result\Port1_eout1(#0008).sct
C:\Users\chris\Desktop\Photonics\CST\exercise\Result\Port1_eout1(#0009).sct
C:\Users\chris\Desktop\Photonics\CST\exercise\Result\Port1_eout1(#0010).sct
C:\Users\chris\Desktop\Photonics\CST\exercise\Result\Port1_eout1_pmm_0.149896229.tfo
C:\Users\chris\Desktop\Photonics\CST\exercise\Result\Port1_eout1_pmm_0.164286266984.tfo
C:\Users\chris\Desktop\Photonics\CST\exercise\Result\Port1_eout1_pmm_0.192166965578.tfo
C:\Users\chris\Desktop\Photonics\CST\exercise\Result\Port1_eout1_pmm_0.26231840075.tfo
C:\Users\chris\Desktop\Photonics\CST\exercise\Result\Port1_eout1_pmm_0.306837580763.tfo
C:\Users\chris\Desktop\Photonics\CST\exercise\Result\Port1_eout1_pmm_0.3747405725.tfo
C:\Users\chris\Desktop\Photonics\CST\exercise\Result\Port1_eout1_pmm_0.477719281823.tfo
C:\Users\chris\Desktop\Photonics\CST\exercise\Result\Port1_eout1_pmm_0.48716274425.tfo
C:\Users\chris\Desktop\Photonics\CST\exercise\Result\Port1_eout1_pmm_0.561811066292.tfo
C:\Users\chris\Desktop\Photonics\CST\exercise\Result\Port1_eout1_pmm_0.587443321451.tfo
C:\Users\chris\Desktop\Photonics\CST\exercise\Result\Port1_eout1_pmm_0.599584916.tfo
C:\Users\chris\Desktop\Photonics\CST\exercise\Result\Port1_eout2(#0000).sct
C:\Users\chris\Desktop\Photonics\CST\exercise\Result\Port1_eout2(#0001).sct
C:\Users\chris\Desktop\Photonics\CST\exercise\Result\Port1_eout2(#0002).sct
C:\Users\chris\Desktop\Photonics\CST\exercise\Result\Port1_eout2(#0003).sct
C:\Users\chris\Desktop\Photonics\CST\exercise\Result\Port1_eout2(#0004).sct
C:\Users\chris\Desktop\Photonics\CST\exercise\Result\Port1_eout2(#0005).sct
C:\Users\chris\Desktop\Photonics\CST\exercise\Result\Port1_eout2(#0006).sct
C:\Users\chris\Desktop\Photonics\CST\exercise\Result\Port1_eout2(#0007).sct
C:\Users\chris\Desktop\Photonics\CST\exercise\Result\Port1_eout2(#0008).sct
C:\Users\chris\Desktop\Photonics\CST\exercise\Result\Port1_eout2(#0009).sct
C:\Users\chris\Desktop\Photonics\CST\exercise\Result\Port1_eout2(#0010).sct
C:\Users\chris\Desktop\Photonics\CST\exercise\Result\Port1_eout2_pmm_0.149896229.tfo
C:\Users\chris\Desktop\Photonics\CST\exercise\Result\Port1_eout2_pmm_0.164286266984.tfo
C:\Users\chris\Desktop\Photonics\CST\exercise\Result\Port1_eout2_pmm_0.192166965578.tfo
C:\Users\chris\Desktop\Photonics\CST\exercise\Result\Port1_eout2_pmm_0.26231840075.tfo
C:\Users\chris\Desktop\Photonics\CST\exercise\Result\Port1_eout2_pmm_0.306837580763.tfo
C:\Users\chris\Desktop\Photonics\CST\exercise\Result\Port1_eout2_pmm_0.3747405725.tfo
C:\Users\chris\Desktop\Photonics\CST\exercise\Result\Port1_eout2_pmm_0.477719281823.tfo
C:\Users\chris\Desktop\Photonics\CST\exercise\Result\Port1_eout2_pmm_0.48716274425.tfo
C:\Users\chris\Desktop\Photonics\CST\exercise\Result\Port1_eout2_pmm_0.561811066292.tfo
C:\Users\chris\Desktop\Photonics\CST\exercise\Result\Port1_eout2_pmm_0.587443321451.tfo
C:\Users\chris\Desktop\Photonics\CST\exercise\Result\Port1_eout2_pmm_0.599584916.tfo
C:\Users\chris\Desktop\Photonics\CST\exercise\Result\Port1_h1(#0000).sct
C:\Users\chris\Desktop\Photonics\CST\exercise\Result\Port1_h1(#0001).sct
C:\Users\chris\Desktop\Photonics\CST\exercise\Result\Port1_h1(#0002).sct
C:\Users\chris\Desktop\Photonics\CST\exercise\Result\Port1_h1(#0003).sct
C:\Users\chris\Desktop\Photonics\CST\exercise\Result\Port1_h1(#0004).sct
C:\Users\chris\Desktop\Photonics\CST\exercise\Result\Port1_h1(#0005).sct
C:\Users\chris\Desktop\Photonics\CST\exercise\Result\Port1_h1(#0006).sct
C:\Users\chris\Desktop\Photonics\CST\exercise\Result\Port1_h1(#0007).sct
C:\Users\chris\Desktop\Photonics\CST\exercise\Result\Port1_h1(#0008).sct
C:\Users\chris\Desktop\Photonics\CST\exercise\Result\Port1_h1(#0009).sct
C:\Users\chris\Desktop\Photonics\CST\exercise\Result\Port1_h1(#0010).sct
C:\Users\chris\Desktop\Photonics\CST\exercise\Result\Port1_h1_pmm_0.149896229.tfo
C:\Users\chris\Desktop\Photonics\CST\exercise\Result\Port1_h1_pmm_0.164286266984.tfo
C:\Users\chris\Desktop\Photonics\CST\exercise\Result\Port1_h1_pmm_0.192166965578.tfo
C:\Users\chris\Desktop\Photonics\CST\exercise\Result\Port1_h1_pmm_0.26231840075.tfo
C:\Users\chris\Desktop\Photonics\CST\exercise\Result\Port1_h1_pmm_0.306837580763.tfo
C:\Users\chris\Desktop\Photonics\CST\exercise\Result\Port1_h1_pmm_0.3747405725.tfo
C:\Users\chris\Desktop\Photonics\CST\exercise\Result\Port1_h1_pmm_0.477719281823.tfo
C:\Users\chris\Desktop\Photonics\CST\exercise\Result\Port1_h1_pmm_0.48716274425.tfo
C:\Users\chris\Desktop\Photonics\CST\exercise\Result\Port1_h1_pmm_0.561811066292.tfo
C:\Users\chris\Desktop\Photonics\CST\exercise\Result\Port1_h1_pmm_0.587443321451.tfo
C:\Users\chris\Desktop\Photonics\CST\exercise\Result\Port1_h1_pmm_0.599584916.tfo
C:\Users\chris\Desktop\Photonics\CST\exercise\Result\Port1_h2(#0000).sct
C:\Users\chris\Desktop\Photonics\CST\exercise\Result\Port1_h2(#0001).sct
C:\Users\chris\Desktop\Photonics\CST\exercise\Result\Port1_h2(#0002).sct
C:\Users\chris\Desktop\Photonics\CST\exercise\Result\Port1_h2(#0003).sct
C:\Users\chris\Desktop\Photonics\CST\exercise\Result\Port1_h2(#0004).sct
C:\Users\chris\Desktop\Photonics\CST\exercise\Result\Port1_h2(#0005).sct
C:\Users\chris\Desktop\Photonics\CST\exercise\Result\Port1_h2(#0006).sct
C:\Users\chris\Desktop\Photonics\CST\exercise\Result\Port1_h2(#0007).sct
C:\Users\chris\Desktop\Photonics\CST\exercise\Result\Port1_h2(#0008).sct
C:\Users\chris\Desktop\Photonics\CST\exercise\Result\Port1_h2(#0009).sct
C:\Users\chris\Desktop\Photonics\CST\exercise\Result\Port1_h2(#0010).sct
C:\Users\chris\Desktop\Photonics\CST\exercise\Result\Port1_h2_pmm_0.149896229.tfo
C:\Users\chris\Desktop\Photonics\CST\exercise\Result\Port1_h2_pmm_0.164286266984.tfo
C:\Users\chris\Desktop\Photonics\CST\exercise\Result\Port1_h2_pmm_0.192166965578.tfo
C:\Users\chris\Desktop\Photonics\CST\exercise\Result\Port1_h2_pmm_0.26231840075.tfo
C:\Users\chris\Desktop\Photonics\CST\exercise\Result\Port1_h2_pmm_0.306837580763.tfo
C:\Users\chris\Desktop\Photonics\CST\exercise\Result\Port1_h2_pmm_0.3747405725.tfo
C:\Users\chris\Desktop\Photonics\CST\exercise\Result\Port1_h2_pmm_0.477719281823.tfo
C:\Users\chris\Desktop\Photonics\CST\exercise\Result\Port1_h2_pmm_0.48716274425.tfo
C:\Users\chris\Desktop\Photonics\CST\exercise\Result\Port1_h2_pmm_0.561811066292.tfo
C:\Users\chris\Desktop\Photonics\CST\exercise\Result\Port1_h2_pmm_0.587443321451.tfo
C:\Users\chris\Desktop\Photonics\CST\exercise\Result\Port1_h2_pmm_0.599584916.tfo
C:\Users\chris\Desktop\Photonics\CST\exercise\Result\Port1_hInfo1(#0000).pmf
C:\Users\chris\Desktop\Photonics\CST\exercise\Result\Port1_hInfo1(#0001).pmf
C:\Users\chris\Desktop\Photonics\CST\exercise\Result\Port1_hInfo1(#0002).pmf
C:\Users\chris\Desktop\Photonics\CST\exercise\Result\Port1_hInfo1(#0003).pmf
C:\Users\chris\Desktop\Photonics\CST\exercise\Result\Port1_hInfo1(#0004).pmf
C:\Users\chris\Desktop\Photonics\CST\exercise\Result\Port1_hInfo1(#0005).pmf
C:\Users\chris\Desktop\Photonics\CST\exercise\Result\Port1_hInfo1(#0006).pmf
C:\Users\chris\Desktop\Photonics\CST\exercise\Result\Port1_hInfo1(#0007).pmf
C:\Users\chris\Desktop\Photonics\CST\exercise\Result\Port1_hInfo1(#0008).pmf
C:\Users\chris\Desktop\Photonics\CST\exercise\Result\Port1_hInfo1(#0009).pmf
C:\Users\chris\Desktop\Photonics\CST\exercise\Result\Port1_hInfo1(#0010).pmf
C:\Users\chris\Desktop\Photonics\CST\exercise\Result\Port1_hInfo2(#0000).pmf
C:\Users\chris\Desktop\Photonics\CST\exercise\Result\Port1_hInfo2(#0001).pmf
C:\Users\chris\Desktop\Photonics\CST\exercise\Result\Port1_hInfo2(#0002).pmf
C:\Users\chris\Desktop\Photonics\CST\exercise\Result\Port1_hInfo2(#0003).pmf
C:\Users\chris\Desktop\Photonics\CST\exercise\Result\Port1_hInfo2(#0004).pmf
C:\Users\chris\Desktop\Photonics\CST\exercise\Result\Port1_hInfo2(#0005).pmf
C:\Users\chris\Desktop\Photonics\CST\exercise\Result\Port1_hInfo2(#0006).pmf
C:\Users\chris\Desktop\Photonics\CST\exercise\Result\Port1_hInfo2(#0007).pmf
C:\Users\chris\Desktop\Photonics\CST\exercise\Result\Port1_hInfo2(#0008).pmf
C:\Users\chris\Desktop\Photonics\CST\exercise\Result\Port1_hInfo2(#0009).pmf
C:\Users\chris\Desktop\Photonics\CST\exercise\Result\Port1_hInfo2(#0010).pmf
C:\Users\chris\Desktop\Photonics\CST\exercise\Result\Port1_hout1(#0000).sct
C:\Users\chris\Desktop\Photonics\CST\exercise\Result\Port1_hout1(#0001).sct
C:\Users\chris\Desktop\Photonics\CST\exercise\Result\Port1_hout1(#0002).sct
C:\Users\chris\Desktop\Photonics\CST\exercise\Result\Port1_hout1(#0003).sct
C:\Users\chris\Desktop\Photonics\CST\exercise\Result\Port1_hout1(#0004).sct
C:\Users\chris\Desktop\Photonics\CST\exercise\Result\Port1_hout1(#0005).sct
C:\Users\chris\Desktop\Photonics\CST\exercise\Result\Port1_hout1(#0006).sct
C:\Users\chris\Desktop\Photonics\CST\exercise\Result\Port1_hout1(#0007).sct
C:\Users\chris\Desktop\Photonics\CST\exercise\Result\Port1_hout1(#0008).sct
C:\Users\chris\Desktop\Photonics\CST\exercise\Result\Port1_hout1(#0009).sct
C:\Users\chris\Desktop\Photonics\CST\exercise\Result\Port1_hout1(#0010).sct
C:\Users\chris\Desktop\Photonics\CST\exercise\Result\Port1_hout1_pmm_0.149896229.tfo
C:\Users\chris\Desktop\Photonics\CST\exercise\Result\Port1_hout1_pmm_0.164286266984.tfo
C:\Users\chris\Desktop\Photonics\CST\exercise\Result\Port1_hout1_pmm_0.192166965578.tfo
C:\Users\chris\Desktop\Photonics\CST\exercise\Result\Port1_hout1_pmm_0.26231840075.tfo
C:\Users\chris\Desktop\Photonics\CST\exercise\Result\Port1_hout1_pmm_0.306837580763.tfo
C:\Users\chris\Desktop\Photonics\CST\exercise\Result\Port1_hout1_pmm_0.3747405725.tfo
C:\Users\chris\Desktop\Photonics\CST\exercise\Result\Port1_hout1_pmm_0.477719281823.tfo
C:\Users\chris\Desktop\Photonics\CST\exercise\Result\Port1_hout1_pmm_0.48716274425.tfo
C:\Users\chris\Desktop\Photonics\CST\exercise\Result\Port1_hout1_pmm_0.561811066292.tfo
C:\Users\chris\Desktop\Photonics\CST\exercise\Result\Port1_hout1_pmm_0.587443321451.tfo
C:\Users\chris\Desktop\Photonics\CST\exercise\Result\Port1_hout1_pmm_0.599584916.tfo
C:\Users\chris\Desktop\Photonics\CST\exercise\Result\Port1_hout2(#0000).sct
C:\Users\chris\Desktop\Photonics\CST\exercise\Result\Port1_hout2(#0001).sct
C:\Users\chris\Desktop\Photonics\CST\exercise\Result\Port1_hout2(#0002).sct
C:\Users\chris\Desktop\Photonics\CST\exercise\Result\Port1_hout2(#0003).sct
C:\Users\chris\Desktop\Photonics\CST\exercise\Result\Port1_hout2(#0004).sct
C:\Users\chris\Desktop\Photonics\CST\exercise\Result\Port1_hout2(#0005).sct
C:\Users\chris\Desktop\Photonics\CST\exercise\Result\Port1_hout2(#0006).sct
C:\Users\chris\Desktop\Photonics\CST\exercise\Result\Port1_hout2(#0007).sct
C:\Users\chris\Desktop\Photonics\CST\exercise\Result\Port1_hout2(#0008).sct
C:\Users\chris\Desktop\Photonics\CST\exercise\Result\Port1_hout2(#0009).sct
C:\Users\chris\Desktop\Photonics\CST\exercise\Result\Port1_hout2(#0010).sct
C:\Users\chris\Desktop\Photonics\CST\exercise\Result\Port1_hout2_pmm_0.149896229.tfo
C:\Users\chris\Desktop\Photonics\CST\exercise\Result\Port1_hout2_pmm_0.164286266984.tfo
C:\Users\chris\Desktop\Photonics\CST\exercise\Result\Port1_hout2_pmm_0.192166965578.tfo
C:\Users\chris\Desktop\Photonics\CST\exercise\Result\Port1_hout2_pmm_0.26231840075.tfo
C:\Users\chris\Desktop\Photonics\CST\exercise\Result\Port1_hout2_pmm_0.306837580763.tfo
C:\Users\chris\Desktop\Photonics\CST\exercise\Result\Port1_hout2_pmm_0.3747405725.tfo
C:\Users\chris\Desktop\Photonics\CST\exercise\Result\Port1_hout2_pmm_0.477719281823.tfo
C:\Users\chris\Desktop\Photonics\CST\exercise\Result\Port1_hout2_pmm_0.48716274425.tfo
C:\Users\chris\Desktop\Photonics\CST\exercise\Result\Port1_hout2_pmm_0.561811066292.tfo
C:\Users\chris\Desktop\Photonics\CST\exercise\Result\Port1_hout2_pmm_0.587443321451.tfo
C:\Users\chris\Desktop\Photonics\CST\exercise\Result\Port1_hout2_pmm_0.599584916.tfo
C:\Users\chris\Desktop\Photonics\CST\exercise\Result\Port1_p1(#0000).sct
C:\Users\chris\Desktop\Photonics\CST\exercise\Result\Port1_p1(#0001).sct
C:\Users\chris\Desktop\Photonics\CST\exercise\Result\Port1_p1(#0002).sct
C:\Users\chris\Desktop\Photonics\CST\exercise\Result\Port1_p1(#0003).sct
C:\Users\chris\Desktop\Photonics\CST\exercise\Result\Port1_p1(#0004).sct
C:\Users\chris\Desktop\Photonics\CST\exercise\Result\Port1_p1(#0005).sct
C:\Users\chris\Desktop\Photonics\CST\exercise\Result\Port1_p1(#0006).sct
C:\Users\chris\Desktop\Photonics\CST\exercise\Result\Port1_p1(#0007).sct
C:\Users\chris\Desktop\Photonics\CST\exercise\Result\Port1_p1(#0008).sct
C:\Users\chris\Desktop\Photonics\CST\exercise\Result\Port1_p1(#0009).sct
C:\Users\chris\Desktop\Photonics\CST\exercise\Result\Port1_p1(#0010).sct
C:\Users\chris\Desktop\Photonics\CST\exercise\Result\Port1_p1_pmm_0.149896229.tfo
C:\Users\chris\Desktop\Photonics\CST\exercise\Result\Port1_p1_pmm_0.164286266984.tfo
C:\Users\chris\Desktop\Photonics\CST\exercise\Result\Port1_p1_pmm_0.192166965578.tfo
C:\Users\chris\Desktop\Photonics\CST\exercise\Result\Port1_p1_pmm_0.26231840075.tfo
C:\Users\chris\Desktop\Photonics\CST\exercise\Result\Port1_p1_pmm_0.306837580763.tfo
C:\Users\chris\Desktop\Photonics\CST\exercise\Result\Port1_p1_pmm_0.3747405725.tfo
C:\Users\chris\Desktop\Photonics\CST\exercise\Result\Port1_p1_pmm_0.477719281823.tfo
C:\Users\chris\Desktop\Photonics\CST\exercise\Result\Port1_p1_pmm_0.48716274425.tfo
C:\Users\chris\Desktop\Photonics\CST\exercise\Result\Port1_p1_pmm_0.561811066292.tfo
C:\Users\chris\Desktop\Photonics\CST\exercise\Result\Port1_p1_pmm_0.587443321451.tfo
C:\Users\chris\Desktop\Photonics\CST\exercise\Result\Port1_p1_pmm_0.599584916.tfo
C:\Users\chris\Desktop\Photonics\CST\exercise\Result\Port1_p2(#0000).sct
C:\Users\chris\Desktop\Photonics\CST\exercise\Result\Port1_p2(#0001).sct
C:\Users\chris\Desktop\Photonics\CST\exercise\Result\Port1_p2(#0002).sct
C:\Users\chris\Desktop\Photonics\CST\exercise\Result\Port1_p2(#0003).sct
C:\Users\chris\Desktop\Photonics\CST\exercise\Result\Port1_p2(#0004).sct
C:\Users\chris\Desktop\Photonics\CST\exercise\Result\Port1_p2(#0005).sct
C:\Users\chris\Desktop\Photonics\CST\exercise\Result\Port1_p2(#0006).sct
C:\Users\chris\Desktop\Photonics\CST\exercise\Result\Port1_p2(#0007).sct
C:\Users\chris\Desktop\Photonics\CST\exercise\Result\Port1_p2(#0008).sct
C:\Users\chris\Desktop\Photonics\CST\exercise\Result\Port1_p2(#0009).sct
C:\Users\chris\Desktop\Photonics\CST\exercise\Result\Port1_p2(#0010).sct
C:\Users\chris\Desktop\Photonics\CST\exercise\Result\Port1_p2_pmm_0.149896229.tfo
C:\Users\chris\Desktop\Photonics\CST\exercise\Result\Port1_p2_pmm_0.164286266984.tfo
C:\Users\chris\Desktop\Photonics\CST\exercise\Result\Port1_p2_pmm_0.192166965578.tfo
C:\Users\chris\Desktop\Photonics\CST\exercise\Result\Port1_p2_pmm_0.26231840075.tfo
C:\Users\chris\Desktop\Photonics\CST\exercise\Result\Port1_p2_pmm_0.306837580763.tfo
C:\Users\chris\Desktop\Photonics\CST\exercise\Result\Port1_p2_pmm_0.3747405725.tfo
C:\Users\chris\Desktop\Photonics\CST\exercise\Result\Port1_p2_pmm_0.477719281823.tfo
C:\Users\chris\Desktop\Photonics\CST\exercise\Result\Port1_p2_pmm_0.48716274425.tfo
C:\Users\chris\Desktop\Photonics\CST\exercise\Result\Port1_p2_pmm_0.561811066292.tfo
C:\Users\chris\Desktop\Photonics\CST\exercise\Result\Port1_p2_pmm_0.587443321451.tfo
C:\Users\chris\Desktop\Photonics\CST\exercise\Result\Port1_p2_pmm_0.599584916.tfo
C:\Users\chris\Desktop\Photonics\CST\exercise\Result\Port1_pInfo1(#0000).pmf
C:\Users\chris\Desktop\Photonics\CST\exercise\Result\Port1_pInfo1(#0001).pmf
C:\Users\chris\Desktop\Photonics\CST\exercise\Result\Port1_pInfo1(#0002).pmf
C:\Users\chris\Desktop\Photonics\CST\exercise\Result\Port1_pInfo1(#0003).pmf
C:\Users\chris\Desktop\Photonics\CST\exercise\Result\Port1_pInfo1(#0004).pmf
C:\Users\chris\Desktop\Photonics\CST\exercise\Result\Port1_pInfo1(#0005).pmf
C:\Users\chris\Desktop\Photonics\CST\exercise\Result\Port1_pInfo1(#0006).pmf
C:\Users\chris\Desktop\Photonics\CST\exercise\Result\Port1_pInfo1(#0007).pmf
C:\Users\chris\Desktop\Photonics\CST\exercise\Result\Port1_pInfo1(#0008).pmf
C:\Users\chris\Desktop\Photonics\CST\exercise\Result\Port1_pInfo1(#0009).pmf
C:\Users\chris\Desktop\Photonics\CST\exercise\Result\Port1_pInfo1(#0010).pmf
C:\Users\chris\Desktop\Photonics\CST\exercise\Result\Port1_pInfo2(#0000).pmf
C:\Users\chris\Desktop\Photonics\CST\exercise\Result\Port1_pInfo2(#0001).pmf
C:\Users\chris\Desktop\Photonics\CST\exercise\Result\Port1_pInfo2(#0002).pmf
C:\Users\chris\Desktop\Photonics\CST\exercise\Result\Port1_pInfo2(#0003).pmf
C:\Users\chris\Desktop\Photonics\CST\exercise\Result\Port1_pInfo2(#0004).pmf
C:\Users\chris\Desktop\Photonics\CST\exercise\Result\Port1_pInfo2(#0005).pmf
C:\Users\chris\Desktop\Photonics\CST\exercise\Result\Port1_pInfo2(#0006).pmf
C:\Users\chris\Desktop\Photonics\CST\exercise\Result\Port1_pInfo2(#0007).pmf
C:\Users\chris\Desktop\Photonics\CST\exercise\Result\Port1_pInfo2(#0008).pmf
C:\Users\chris\Desktop\Photonics\CST\exercise\Result\Port1_pInfo2(#0009).pmf
C:\Users\chris\Desktop\Photonics\CST\exercise\Result\Port1_pInfo2(#0010).pmf
C:\Users\chris\Desktop\Photonics\CST\exercise\Result\Port1_pout1(#0000).sct
C:\Users\chris\Desktop\Photonics\CST\exercise\Result\Port1_pout1(#0001).sct
C:\Users\chris\Desktop\Photonics\CST\exercise\Result\Port1_pout1(#0002).sct
C:\Users\chris\Desktop\Photonics\CST\exercise\Result\Port1_pout1(#0003).sct
C:\Users\chris\Desktop\Photonics\CST\exercise\Result\Port1_pout1(#0004).sct
C:\Users\chris\Desktop\Photonics\CST\exercise\Result\Port1_pout1(#0005).sct
C:\Users\chris\Desktop\Photonics\CST\exercise\Result\Port1_pout1(#0006).sct
C:\Users\chris\Desktop\Photonics\CST\exercise\Result\Port1_pout1(#0007).sct
C:\Users\chris\Desktop\Photonics\CST\exercise\Result\Port1_pout1(#0008).sct
C:\Users\chris\Desktop\Photonics\CST\exercise\Result\Port1_pout1(#0009).sct
C:\Users\chris\Desktop\Photonics\CST\exercise\Result\Port1_pout1(#0010).sct
C:\Users\chris\Desktop\Photonics\CST\exercise\Result\Port1_pout1_pmm_0.149896229.tfo
C:\Users\chris\Desktop\Photonics\CST\exercise\Result\Port1_pout1_pmm_0.164286266984.tfo
C:\Users\chris\Desktop\Photonics\CST\exercise\Result\Port1_pout1_pmm_0.192166965578.tfo
C:\Users\chris\Desktop\Photonics\CST\exercise\Result\Port1_pout1_pmm_0.26231840075.tfo
C:\Users\chris\Desktop\Photonics\CST\exercise\Result\Port1_pout1_pmm_0.306837580763.tfo
C:\Users\chris\Desktop\Photonics\CST\exercise\Result\Port1_pout1_pmm_0.3747405725.tfo
C:\Users\chris\Desktop\Photonics\CST\exercise\Result\Port1_pout1_pmm_0.477719281823.tfo
C:\Users\chris\Desktop\Photonics\CST\exercise\Result\Port1_pout1_pmm_0.48716274425.tfo
C:\Users\chris\Desktop\Photonics\CST\exercise\Result\Port1_pout1_pmm_0.561811066292.tfo
C:\Users\chris\Desktop\Photonics\CST\exercise\Result\Port1_pout1_pmm_0.587443321451.tfo
C:\Users\chris\Desktop\Photonics\CST\exercise\Result\Port1_pout1_pmm_0.599584916.tfo
C:\Users\chris\Desktop\Photonics\CST\exercise\Result\Port1_pout2(#0000).sct
C:\Users\chris\Desktop\Photonics\CST\exercise\Result\Port1_pout2(#0001).sct
C:\Users\chris\Desktop\Photonics\CST\exercise\Result\Port1_pout2(#0002).sct
C:\Users\chris\Desktop\Photonics\CST\exercise\Result\Port1_pout2(#0003).sct
C:\Users\chris\Desktop\Photonics\CST\exercise\Result\Port1_pout2(#0004).sct
C:\Users\chris\Desktop\Photonics\CST\exercise\Result\Port1_pout2(#0005).sct
C:\Users\chris\Desktop\Photonics\CST\exercise\Result\Port1_pout2(#0006).sct
C:\Users\chris\Desktop\Photonics\CST\exercise\Result\Port1_pout2(#0007).sct
C:\Users\chris\Desktop\Photonics\CST\exercise\Result\Port1_pout2(#0008).sct
C:\Users\chris\Desktop\Photonics\CST\exercise\Result\Port1_pout2(#0009).sct
C:\Users\chris\Desktop\Photonics\CST\exercise\Result\Port1_pout2(#0010).sct
C:\Users\chris\Desktop\Photonics\CST\exercise\Result\Port1_pout2_pmm_0.149896229.tfo
C:\Users\chris\Desktop\Photonics\CST\exercise\Result\Port1_pout2_pmm_0.164286266984.tfo
C:\Users\chris\Desktop\Photonics\CST\exercise\Result\Port1_pout2_pmm_0.192166965578.tfo
C:\Users\chris\Desktop\Photonics\CST\exercise\Result\Port1_pout2_pmm_0.26231840075.tfo
C:\Users\chris\Desktop\Photonics\CST\exercise\Result\Port1_pout2_pmm_0.306837580763.tfo
C:\Users\chris\Desktop\Photonics\CST\exercise\Result\Port1_pout2_pmm_0.3747405725.tfo
C:\Users\chris\Desktop\Photonics\CST\exercise\Result\Port1_pout2_pmm_0.477719281823.tfo
C:\Users\chris\Desktop\Photonics\CST\exercise\Result\Port1_pout2_pmm_0.48716274425.tfo
C:\Users\chris\Desktop\Photonics\CST\exercise\Result\Port1_pout2_pmm_0.561811066292.tfo
C:\Users\chris\Desktop\Photonics\CST\exercise\Result\Port1_pout2_pmm_0.587443321451.tfo
C:\Users\chris\Desktop\Photonics\CST\exercise\Result\Port1_pout2_pmm_0.599584916.tfo
C:\Users\chris\Desktop\Photonics\CST\exercise\Result\Port2_e1(#0000).sct
C:\Users\chris\Desktop\Photonics\CST\exercise\Result\Port2_e1(#0001).sct
C:\Users\chris\Desktop\Photonics\CST\exercise\Result\Port2_e1(#0002).sct
C:\Users\chris\Desktop\Photonics\CST\exercise\Result\Port2_e1(#0003).sct
C:\Users\chris\Desktop\Photonics\CST\exercise\Result\Port2_e1(#0004).sct
C:\Users\chris\Desktop\Photonics\CST\exercise\Result\Port2_e1(#0005).sct
C:\Users\chris\Desktop\Photonics\CST\exercise\Result\Port2_e1(#0006).sct
C:\Users\chris\Desktop\Photonics\CST\exercise\Result\Port2_e1(#0007).sct
C:\Users\chris\Desktop\Photonics\CST\exercise\Result\Port2_e1(#0008).sct
C:\Users\chris\Desktop\Photonics\CST\exercise\Result\Port2_e1(#0009).sct
C:\Users\chris\Desktop\Photonics\CST\exercise\Result\Port2_e1(#0010).sct
C:\Users\chris\Desktop\Photonics\CST\exercise\Result\Port2_e1_pmm_0.149896229.tfo
C:\Users\chris\Desktop\Photonics\CST\exercise\Result\Port2_e1_pmm_0.164286266984.tfo
C:\Users\chris\Desktop\Photonics\CST\exercise\Result\Port2_e1_pmm_0.192166965578.tfo
C:\Users\chris\Desktop\Photonics\CST\exercise\Result\Port2_e1_pmm_0.26231840075.tfo
C:\Users\chris\Desktop\Photonics\CST\exercise\Result\Port2_e1_pmm_0.306837580763.tfo
C:\Users\chris\Desktop\Photonics\CST\exercise\Result\Port2_e1_pmm_0.3747405725.tfo
C:\Users\chris\Desktop\Photonics\CST\exercise\Result\Port2_e1_pmm_0.477719281823.tfo
C:\Users\chris\Desktop\Photonics\CST\exercise\Result\Port2_e1_pmm_0.48716274425.tfo
C:\Users\chris\Desktop\Photonics\CST\exercise\Result\Port2_e1_pmm_0.561811066292.tfo
C:\Users\chris\Desktop\Photonics\CST\exercise\Result\Port2_e1_pmm_0.587443321451.tfo
C:\Users\chris\Desktop\Photonics\CST\exercise\Result\Port2_e1_pmm_0.599584916.tfo
C:\Users\chris\Desktop\Photonics\CST\exercise\Result\Port2_e2(#0000).sct
C:\Users\chris\Desktop\Photonics\CST\exercise\Result\Port2_e2(#0001).sct
C:\Users\chris\Desktop\Photonics\CST\exercise\Result\Port2_e2(#0002).sct
C:\Users\chris\Desktop\Photonics\CST\exercise\Result\Port2_e2(#0003).sct
C:\Users\chris\Desktop\Photonics\CST\exercise\Result\Port2_e2(#0004).sct
C:\Users\chris\Desktop\Photonics\CST\exercise\Result\Port2_e2(#0005).sct
C:\Users\chris\Desktop\Photonics\CST\exercise\Result\Port2_e2(#0006).sct
C:\Users\chris\Desktop\Photonics\CST\exercise\Result\Port2_e2(#0007).sct
C:\Users\chris\Desktop\Photonics\CST\exercise\Result\Port2_e2(#0008).sct
C:\Users\chris\Desktop\Photonics\CST\exercise\Result\Port2_e2(#0009).sct
C:\Users\chris\Desktop\Photonics\CST\exercise\Result\Port2_e2(#0010).sct
C:\Users\chris\Desktop\Photonics\CST\exercise\Result\Port2_e2_pmm_0.149896229.tfo
C:\Users\chris\Desktop\Photonics\CST\exercise\Result\Port2_e2_pmm_0.164286266984.tfo
C:\Users\chris\Desktop\Photonics\CST\exercise\Result\Port2_e2_pmm_0.192166965578.tfo
C:\Users\chris\Desktop\Photonics\CST\exercise\Result\Port2_e2_pmm_0.26231840075.tfo
C:\Users\chris\Desktop\Photonics\CST\exercise\Result\Port2_e2_pmm_0.306837580763.tfo
C:\Users\chris\Desktop\Photonics\CST\exercise\Result\Port2_e2_pmm_0.3747405725.tfo
C:\Users\chris\Desktop\Photonics\CST\exercise\Result\Port2_e2_pmm_0.477719281823.tfo
C:\Users\chris\Desktop\Photonics\CST\exercise\Result\Port2_e2_pmm_0.48716274425.tfo
C:\Users\chris\Desktop\Photonics\CST\exercise\Result\Port2_e2_pmm_0.561811066292.tfo
C:\Users\chris\Desktop\Photonics\CST\exercise\Result\Port2_e2_pmm_0.587443321451.tfo
C:\Users\chris\Desktop\Photonics\CST\exercise\Result\Port2_e2_pmm_0.599584916.tfo
C:\Users\chris\Desktop\Photonics\CST\exercise\Result\Port2_eInfo1(#0000).pmf
C:\Users\chris\Desktop\Photonics\CST\exercise\Result\Port2_eInfo1(#0001).pmf
C:\Users\chris\Desktop\Photonics\CST\exercise\Result\Port2_eInfo1(#0002).pmf
C:\Users\chris\Desktop\Photonics\CST\exercise\Result\Port2_eInfo1(#0003).pmf
C:\Users\chris\Desktop\Photonics\CST\exercise\Result\Port2_eInfo1(#0004).pmf
C:\Users\chris\Desktop\Photonics\CST\exercise\Result\Port2_eInfo1(#0005).pmf
C:\Users\chris\Desktop\Photonics\CST\exercise\Result\Port2_eInfo1(#0006).pmf
C:\Users\chris\Desktop\Photonics\CST\exercise\Result\Port2_eInfo1(#0007).pmf
C:\Users\chris\Desktop\Photonics\CST\exercise\Result\Port2_eInfo1(#0008).pmf
C:\Users\chris\Desktop\Photonics\CST\exercise\Result\Port2_eInfo1(#0009).pmf
C:\Users\chris\Desktop\Photonics\CST\exercise\Result\Port2_eInfo1(#0010).pmf
C:\Users\chris\Desktop\Photonics\CST\exercise\Result\Port2_eInfo2(#0000).pmf
C:\Users\chris\Desktop\Photonics\CST\exercise\Result\Port2_eInfo2(#0001).pmf
C:\Users\chris\Desktop\Photonics\CST\exercise\Result\Port2_eInfo2(#0002).pmf
C:\Users\chris\Desktop\Photonics\CST\exercise\Result\Port2_eInfo2(#0003).pmf
C:\Users\chris\Desktop\Photonics\CST\exercise\Result\Port2_eInfo2(#0004).pmf
C:\Users\chris\Desktop\Photonics\CST\exercise\Result\Port2_eInfo2(#0005).pmf
C:\Users\chris\Desktop\Photonics\CST\exercise\Result\Port2_eInfo2(#0006).pmf
C:\Users\chris\Desktop\Photonics\CST\exercise\Result\Port2_eInfo2(#0007).pmf
C:\Users\chris\Desktop\Photonics\CST\exercise\Result\Port2_eInfo2(#0008).pmf
C:\Users\chris\Desktop\Photonics\CST\exercise\Result\Port2_eInfo2(#0009).pmf
C:\Users\chris\Desktop\Photonics\CST\exercise\Result\Port2_eInfo2(#0010).pmf
C:\Users\chris\Desktop\Photonics\CST\exercise\Result\Port2_eout1(#0000).sct
C:\Users\chris\Desktop\Photonics\CST\exercise\Result\Port2_eout1(#0001).sct
C:\Users\chris\Desktop\Photonics\CST\exercise\Result\Port2_eout1(#0002).sct
C:\Users\chris\Desktop\Photonics\CST\exercise\Result\Port2_eout1(#0003).sct
C:\Users\chris\Desktop\Photonics\CST\exercise\Result\Port2_eout1(#0004).sct
C:\Users\chris\Desktop\Photonics\CST\exercise\Result\Port2_eout1(#0005).sct
C:\Users\chris\Desktop\Photonics\CST\exercise\Result\Port2_eout1(#0006).sct
C:\Users\chris\Desktop\Photonics\CST\exercise\Result\Port2_eout1(#0007).sct
C:\Users\chris\Desktop\Photonics\CST\exercise\Result\Port2_eout1(#0008).sct
C:\Users\chris\Desktop\Photonics\CST\exercise\Result\Port2_eout1(#0009).sct
C:\Users\chris\Desktop\Photonics\CST\exercise\Result\Port2_eout1(#0010).sct
C:\Users\chris\Desktop\Photonics\CST\exercise\Result\Port2_eout1_pmm_0.149896229.tfo
C:\Users\chris\Desktop\Photonics\CST\exercise\Result\Port2_eout1_pmm_0.164286266984.tfo
C:\Users\chris\Desktop\Photonics\CST\exercise\Result\Port2_eout1_pmm_0.192166965578.tfo
C:\Users\chris\Desktop\Photonics\CST\exercise\Result\Port2_eout1_pmm_0.26231840075.tfo
C:\Users\chris\Desktop\Photonics\CST\exercise\Result\Port2_eout1_pmm_0.306837580763.tfo
C:\Users\chris\Desktop\Photonics\CST\exercise\Result\Port2_eout1_pmm_0.3747405725.tfo
C:\Users\chris\Desktop\Photonics\CST\exercise\Result\Port2_eout1_pmm_0.477719281823.tfo
C:\Users\chris\Desktop\Photonics\CST\exercise\Result\Port2_eout1_pmm_0.48716274425.tfo
C:\Users\chris\Desktop\Photonics\CST\exercise\Result\Port2_eout1_pmm_0.561811066292.tfo
C:\Users\chris\Desktop\Photonics\CST\exercise\Result\Port2_eout1_pmm_0.587443321451.tfo
C:\Users\chris\Desktop\Photonics\CST\exercise\Result\Port2_eout1_pmm_0.599584916.tfo
C:\Users\chris\Desktop\Photonics\CST\exercise\Result\Port2_eout2(#0000).sct
C:\Users\chris\Desktop\Photonics\CST\exercise\Result\Port2_eout2(#0001).sct
C:\Users\chris\Desktop\Photonics\CST\exercise\Result\Port2_eout2(#0002).sct
C:\Users\chris\Desktop\Photonics\CST\exercise\Result\Port2_eout2(#0003).sct
C:\Users\chris\Desktop\Photonics\CST\exercise\Result\Port2_eout2(#0004).sct
C:\Users\chris\Desktop\Photonics\CST\exercise\Result\Port2_eout2(#0005).sct
C:\Users\chris\Desktop\Photonics\CST\exercise\Result\Port2_eout2(#0006).sct
C:\Users\chris\Desktop\Photonics\CST\exercise\Result\Port2_eout2(#0007).sct
C:\Users\chris\Desktop\Photonics\CST\exercise\Result\Port2_eout2(#0008).sct
C:\Users\chris\Desktop\Photonics\CST\exercise\Result\Port2_eout2(#0009).sct
C:\Users\chris\Desktop\Photonics\CST\exercise\Result\Port2_eout2(#0010).sct
C:\Users\chris\Desktop\Photonics\CST\exercise\Result\Port2_eout2_pmm_0.149896229.tfo
C:\Users\chris\Desktop\Photonics\CST\exercise\Result\Port2_eout2_pmm_0.164286266984.tfo
C:\Users\chris\Desktop\Photonics\CST\exercise\Result\Port2_eout2_pmm_0.192166965578.tfo
C:\Users\chris\Desktop\Photonics\CST\exercise\Result\Port2_eout2_pmm_0.26231840075.tfo
C:\Users\chris\Desktop\Photonics\CST\exercise\Result\Port2_eout2_pmm_0.306837580763.tfo
C:\Users\chris\Desktop\Photonics\CST\exercise\Result\Port2_eout2_pmm_0.3747405725.tfo
C:\Users\chris\Desktop\Photonics\CST\exercise\Result\Port2_eout2_pmm_0.477719281823.tfo
C:\Users\chris\Desktop\Photonics\CST\exercise\Result\Port2_eout2_pmm_0.48716274425.tfo
C:\Users\chris\Desktop\Photonics\CST\exercise\Result\Port2_eout2_pmm_0.561811066292.tfo
C:\Users\chris\Desktop\Photonics\CST\exercise\Result\Port2_eout2_pmm_0.587443321451.tfo
C:\Users\chris\Desktop\Photonics\CST\exercise\Result\Port2_eout2_pmm_0.599584916.tfo
C:\Users\chris\Desktop\Photonics\CST\exercise\Result\Port2_h1(#0000).sct
C:\Users\chris\Desktop\Photonics\CST\exercise\Result\Port2_h1(#0001).sct
C:\Users\chris\Desktop\Photonics\CST\exercise\Result\Port2_h1(#0002).sct
C:\Users\chris\Desktop\Photonics\CST\exercise\Result\Port2_h1(#0003).sct
C:\Users\chris\Desktop\Photonics\CST\exercise\Result\Port2_h1(#0004).sct
C:\Users\chris\Desktop\Photonics\CST\exercise\Result\Port2_h1(#0005).sct
C:\Users\chris\Desktop\Photonics\CST\exercise\Result\Port2_h1(#0006).sct
C:\Users\chris\Desktop\Photonics\CST\exercise\Result\Port2_h1(#0007).sct
C:\Users\chris\Desktop\Photonics\CST\exercise\Result\Port2_h1(#0008).sct
C:\Users\chris\Desktop\Photonics\CST\exercise\Result\Port2_h1(#0009).sct
C:\Users\chris\Desktop\Photonics\CST\exercise\Result\Port2_h1(#0010).sct
C:\Users\chris\Desktop\Photonics\CST\exercise\Result\Port2_h1_pmm_0.149896229.tfo
C:\Users\chris\Desktop\Photonics\CST\exercise\Result\Port2_h1_pmm_0.164286266984.tfo
C:\Users\chris\Desktop\Photonics\CST\exercise\Result\Port2_h1_pmm_0.192166965578.tfo
C:\Users\chris\Desktop\Photonics\CST\exercise\Result\Port2_h1_pmm_0.26231840075.tfo
C:\Users\chris\Desktop\Photonics\CST\exercise\Result\Port2_h1_pmm_0.306837580763.tfo
C:\Users\chris\Desktop\Photonics\CST\exercise\Result\Port2_h1_pmm_0.3747405725.tfo
C:\Users\chris\Desktop\Photonics\CST\exercise\Result\Port2_h1_pmm_0.477719281823.tfo
C:\Users\chris\Desktop\Photonics\CST\exercise\Result\Port2_h1_pmm_0.48716274425.tfo
C:\Users\chris\Desktop\Photonics\CST\exercise\Result\Port2_h1_pmm_0.561811066292.tfo
C:\Users\chris\Desktop\Photonics\CST\exercise\Result\Port2_h1_pmm_0.587443321451.tfo
C:\Users\chris\Desktop\Photonics\CST\exercise\Result\Port2_h1_pmm_0.599584916.tfo
C:\Users\chris\Desktop\Photonics\CST\exercise\Result\Port2_h2(#0000).sct
C:\Users\chris\Desktop\Photonics\CST\exercise\Result\Port2_h2(#0001).sct
C:\Users\chris\Desktop\Photonics\CST\exercise\Result\Port2_h2(#0002).sct
C:\Users\chris\Desktop\Photonics\CST\exercise\Result\Port2_h2(#0003).sct
C:\Users\chris\Desktop\Photonics\CST\exercise\Result\Port2_h2(#0004).sct
C:\Users\chris\Desktop\Photonics\CST\exercise\Result\Port2_h2(#0005).sct
C:\Users\chris\Desktop\Photonics\CST\exercise\Result\Port2_h2(#0006).sct
C:\Users\chris\Desktop\Photonics\CST\exercise\Result\Port2_h2(#0007).sct
C:\Users\chris\Desktop\Photonics\CST\exercise\Result\Port2_h2(#0008).sct
C:\Users\chris\Desktop\Photonics\CST\exercise\Result\Port2_h2(#0009).sct
C:\Users\chris\Desktop\Photonics\CST\exercise\Result\Port2_h2(#0010).sct
C:\Users\chris\Desktop\Photonics\CST\exercise\Result\Port2_h2_pmm_0.149896229.tfo
C:\Users\chris\Desktop\Photonics\CST\exercise\Result\Port2_h2_pmm_0.164286266984.tfo
C:\Users\chris\Desktop\Photonics\CST\exercise\Result\Port2_h2_pmm_0.192166965578.tfo
C:\Users\chris\Desktop\Photonics\CST\exercise\Result\Port2_h2_pmm_0.26231840075.tfo
C:\Users\chris\Desktop\Photonics\CST\exercise\Result\Port2_h2_pmm_0.306837580763.tfo
C:\Users\chris\Desktop\Photonics\CST\exercise\Result\Port2_h2_pmm_0.3747405725.tfo
C:\Users\chris\Desktop\Photonics\CST\exercise\Result\Port2_h2_pmm_0.477719281823.tfo
C:\Users\chris\Desktop\Photonics\CST\exercise\Result\Port2_h2_pmm_0.48716274425.tfo
C:\Users\chris\Desktop\Photonics\CST\exercise\Result\Port2_h2_pmm_0.561811066292.tfo
C:\Users\chris\Desktop\Photonics\CST\exercise\Result\Port2_h2_pmm_0.587443321451.tfo
C:\Users\chris\Desktop\Photonics\CST\exercise\Result\Port2_h2_pmm_0.599584916.tfo
C:\Users\chris\Desktop\Photonics\CST\exercise\Result\Port2_hInfo1(#0000).pmf
C:\Users\chris\Desktop\Photonics\CST\exercise\Result\Port2_hInfo1(#0001).pmf
C:\Users\chris\Desktop\Photonics\CST\exercise\Result\Port2_hInfo1(#0002).pmf
C:\Users\chris\Desktop\Photonics\CST\exercise\Result\Port2_hInfo1(#0003).pmf
C:\Users\chris\Desktop\Photonics\CST\exercise\Result\Port2_hInfo1(#0004).pmf
C:\Users\chris\Desktop\Photonics\CST\exercise\Result\Port2_hInfo1(#0005).pmf
C:\Users\chris\Desktop\Photonics\CST\exercise\Result\Port2_hInfo1(#0006).pmf
C:\Users\chris\Desktop\Photonics\CST\exercise\Result\Port2_hInfo1(#0007).pmf
C:\Users\chris\Desktop\Photonics\CST\exercise\Result\Port2_hInfo1(#0008).pmf
C:\Users\chris\Desktop\Photonics\CST\exercise\Result\Port2_hInfo1(#0009).pmf
C:\Users\chris\Desktop\Photonics\CST\exercise\Result\Port2_hInfo1(#0010).pmf
C:\Users\chris\Desktop\Photonics\CST\exercise\Result\Port2_hInfo2(#0000).pmf
C:\Users\chris\Desktop\Photonics\CST\exercise\Result\Port2_hInfo2(#0001).pmf
C:\Users\chris\Desktop\Photonics\CST\exercise\Result\Port2_hInfo2(#0002).pmf
C:\Users\chris\Desktop\Photonics\CST\exercise\Result\Port2_hInfo2(#0003).pmf
C:\Users\chris\Desktop\Photonics\CST\exercise\Result\Port2_hInfo2(#0004).pmf
C:\Users\chris\Desktop\Photonics\CST\exercise\Result\Port2_hInfo2(#0005).pmf
C:\Users\chris\Desktop\Photonics\CST\exercise\Result\Port2_hInfo2(#0006).pmf
C:\Users\chris\Desktop\Photonics\CST\exercise\Result\Port2_hInfo2(#0007).pmf
C:\Users\chris\Desktop\Photonics\CST\exercise\Result\Port2_hInfo2(#0008).pmf
C:\Users\chris\Desktop\Photonics\CST\exercise\Result\Port2_hInfo2(#0009).pmf
C:\Users\chris\Desktop\Photonics\CST\exercise\Result\Port2_hInfo2(#0010).pmf
C:\Users\chris\Desktop\Photonics\CST\exercise\Result\Port2_hout1(#0000).sct
C:\Users\chris\Desktop\Photonics\CST\exercise\Result\Port2_hout1(#0001).sct
C:\Users\chris\Desktop\Photonics\CST\exercise\Result\Port2_hout1(#0002).sct
C:\Users\chris\Desktop\Photonics\CST\exercise\Result\Port2_hout1(#0003).sct
C:\Users\chris\Desktop\Photonics\CST\exercise\Result\Port2_hout1(#0004).sct
C:\Users\chris\Desktop\Photonics\CST\exercise\Result\Port2_hout1(#0005).sct
C:\Users\chris\Desktop\Photonics\CST\exercise\Result\Port2_hout1(#0006).sct
C:\Users\chris\Desktop\Photonics\CST\exercise\Result\Port2_hout1(#0007).sct
C:\Users\chris\Desktop\Photonics\CST\exercise\Result\Port2_hout1(#0008).sct
C:\Users\chris\Desktop\Photonics\CST\exercise\Result\Port2_hout1(#0009).sct
C:\Users\chris\Desktop\Photonics\CST\exercise\Result\Port2_hout1(#0010).sct
C:\Users\chris\Desktop\Photonics\CST\exercise\Result\Port2_hout1_pmm_0.149896229.tfo
C:\Users\chris\Desktop\Photonics\CST\exercise\Result\Port2_hout1_pmm_0.164286266984.tfo
C:\Users\chris\Desktop\Photonics\CST\exercise\Result\Port2_hout1_pmm_0.192166965578.tfo
C:\Users\chris\Desktop\Photonics\CST\exercise\Result\Port2_hout1_pmm_0.26231840075.tfo
C:\Users\chris\Desktop\Photonics\CST\exercise\Result\Port2_hout1_pmm_0.306837580763.tfo
C:\Users\chris\Desktop\Photonics\CST\exercise\Result\Port2_hout1_pmm_0.3747405725.tfo
C:\Users\chris\Desktop\Photonics\CST\exercise\Result\Port2_hout1_pmm_0.477719281823.tfo
C:\Users\chris\Desktop\Photonics\CST\exercise\Result\Port2_hout1_pmm_0.48716274425.tfo
C:\Users\chris\Desktop\Photonics\CST\exercise\Result\Port2_hout1_pmm_0.561811066292.tfo
C:\Users\chris\Desktop\Photonics\CST\exercise\Result\Port2_hout1_pmm_0.587443321451.tfo
C:\Users\chris\Desktop\Photonics\CST\exercise\Result\Port2_hout1_pmm_0.599584916.tfo
C:\Users\chris\Desktop\Photonics\CST\exercise\Result\Port2_hout2(#0000).sct
C:\Users\chris\Desktop\Photonics\CST\exercise\Result\Port2_hout2(#0001).sct
C:\Users\chris\Desktop\Photonics\CST\exercise\Result\Port2_hout2(#0002).sct
C:\Users\chris\Desktop\Photonics\CST\exercise\Result\Port2_hout2(#0003).sct
C:\Users\chris\Desktop\Photonics\CST\exercise\Result\Port2_hout2(#0004).sct
C:\Users\chris\Desktop\Photonics\CST\exercise\Result\Port2_hout2(#0005).sct
C:\Users\chris\Desktop\Photonics\CST\exercise\Result\Port2_hout2(#0006).sct
C:\Users\chris\Desktop\Photonics\CST\exercise\Result\Port2_hout2(#0007).sct
C:\Users\chris\Desktop\Photonics\CST\exercise\Result\Port2_hout2(#0008).sct
C:\Users\chris\Desktop\Photonics\CST\exercise\Result\Port2_hout2(#0009).sct
C:\Users\chris\Desktop\Photonics\CST\exercise\Result\Port2_hout2(#0010).sct
C:\Users\chris\Desktop\Photonics\CST\exercise\Result\Port2_hout2_pmm_0.149896229.tfo
C:\Users\chris\Desktop\Photonics\CST\exercise\Result\Port2_hout2_pmm_0.164286266984.tfo
C:\Users\chris\Desktop\Photonics\CST\exercise\Result\Port2_hout2_pmm_0.192166965578.tfo
C:\Users\chris\Desktop\Photonics\CST\exercise\Result\Port2_hout2_pmm_0.26231840075.tfo
C:\Users\chris\Desktop\Photonics\CST\exercise\Result\Port2_hout2_pmm_0.306837580763.tfo
C:\Users\chris\Desktop\Photonics\CST\exercise\Result\Port2_hout2_pmm_0.3747405725.tfo
C:\Users\chris\Desktop\Photonics\CST\exercise\Result\Port2_hout2_pmm_0.477719281823.tfo
C:\Users\chris\Desktop\Photonics\CST\exercise\Result\Port2_hout2_pmm_0.48716274425.tfo
C:\Users\chris\Desktop\Photonics\CST\exercise\Result\Port2_hout2_pmm_0.561811066292.tfo
C:\Users\chris\Desktop\Photonics\CST\exercise\Result\Port2_hout2_pmm_0.587443321451.tfo
C:\Users\chris\Desktop\Photonics\CST\exercise\Result\Port2_hout2_pmm_0.599584916.tfo
C:\Users\chris\Desktop\Photonics\CST\exercise\Result\Port2_p1(#0000).sct
C:\Users\chris\Desktop\Photonics\CST\exercise\Result\Port2_p1(#0001).sct
C:\Users\chris\Desktop\Photonics\CST\exercise\Result\Port2_p1(#0002).sct
C:\Users\chris\Desktop\Photonics\CST\exercise\Result\Port2_p1(#0003).sct
C:\Users\chris\Desktop\Photonics\CST\exercise\Result\Port2_p1(#0004).sct
C:\Users\chris\Desktop\Photonics\CST\exercise\Result\Port2_p1(#0005).sct
C:\Users\chris\Desktop\Photonics\CST\exercise\Result\Port2_p1(#0006).sct
C:\Users\chris\Desktop\Photonics\CST\exercise\Result\Port2_p1(#0007).sct
C:\Users\chris\Desktop\Photonics\CST\exercise\Result\Port2_p1(#0008).sct
C:\Users\chris\Desktop\Photonics\CST\exercise\Result\Port2_p1(#0009).sct
C:\Users\chris\Desktop\Photonics\CST\exercise\Result\Port2_p1(#0010).sct
C:\Users\chris\Desktop\Photonics\CST\exercise\Result\Port2_p1_pmm_0.149896229.tfo
C:\Users\chris\Desktop\Photonics\CST\exercise\Result\Port2_p1_pmm_0.164286266984.tfo
C:\Users\chris\Desktop\Photonics\CST\exercise\Result\Port2_p1_pmm_0.192166965578.tfo
C:\Users\chris\Desktop\Photonics\CST\exercise\Result\Port2_p1_pmm_0.26231840075.tfo
C:\Users\chris\Desktop\Photonics\CST\exercise\Result\Port2_p1_pmm_0.306837580763.tfo
C:\Users\chris\Desktop\Photonics\CST\exercise\Result\Port2_p1_pmm_0.3747405725.tfo
C:\Users\chris\Desktop\Photonics\CST\exercise\Result\Port2_p1_pmm_0.477719281823.tfo
C:\Users\chris\Desktop\Photonics\CST\exercise\Result\Port2_p1_pmm_0.48716274425.tfo
C:\Users\chris\Desktop\Photonics\CST\exercise\Result\Port2_p1_pmm_0.561811066292.tfo
C:\Users\chris\Desktop\Photonics\CST\exercise\Result\Port2_p1_pmm_0.587443321451.tfo
C:\Users\chris\Desktop\Photonics\CST\exercise\Result\Port2_p1_pmm_0.599584916.tfo
C:\Users\chris\Desktop\Photonics\CST\exercise\Result\Port2_p2(#0000).sct
C:\Users\chris\Desktop\Photonics\CST\exercise\Result\Port2_p2(#0001).sct
C:\Users\chris\Desktop\Photonics\CST\exercise\Result\Port2_p2(#0002).sct
C:\Users\chris\Desktop\Photonics\CST\exercise\Result\Port2_p2(#0003).sct
C:\Users\chris\Desktop\Photonics\CST\exercise\Result\Port2_p2(#0004).sct
C:\Users\chris\Desktop\Photonics\CST\exercise\Result\Port2_p2(#0005).sct
C:\Users\chris\Desktop\Photonics\CST\exercise\Result\Port2_p2(#0006).sct
C:\Users\chris\Desktop\Photonics\CST\exercise\Result\Port2_p2(#0007).sct
C:\Users\chris\Desktop\Photonics\CST\exercise\Result\Port2_p2(#0008).sct
C:\Users\chris\Desktop\Photonics\CST\exercise\Result\Port2_p2(#0009).sct
C:\Users\chris\Desktop\Photonics\CST\exercise\Result\Port2_p2(#0010).sct
C:\Users\chris\Desktop\Photonics\CST\exercise\Result\Port2_p2_pmm_0.149896229.tfo
C:\Users\chris\Desktop\Photonics\CST\exercise\Result\Port2_p2_pmm_0.164286266984.tfo
C:\Users\chris\Desktop\Photonics\CST\exercise\Result\Port2_p2_pmm_0.192166965578.tfo
C:\Users\chris\Desktop\Photonics\CST\exercise\Result\Port2_p2_pmm_0.26231840075.tfo
C:\Users\chris\Desktop\Photonics\CST\exercise\Result\Port2_p2_pmm_0.306837580763.tfo
C:\Users\chris\Desktop\Photonics\CST\exercise\Result\Port2_p2_pmm_0.3747405725.tfo
C:\Users\chris\Desktop\Photonics\CST\exercise\Result\Port2_p2_pmm_0.477719281823.tfo
C:\Users\chris\Desktop\Photonics\CST\exercise\Result\Port2_p2_pmm_0.48716274425.tfo
C:\Users\chris\Desktop\Photonics\CST\exercise\Result\Port2_p2_pmm_0.561811066292.tfo
C:\Users\chris\Desktop\Photonics\CST\exercise\Result\Port2_p2_pmm_0.587443321451.tfo
C:\Users\chris\Desktop\Photonics\CST\exercise\Result\Port2_p2_pmm_0.599584916.tfo
C:\Users\chris\Desktop\Photonics\CST\exercise\Result\Port2_pInfo1(#0000).pmf
C:\Users\chris\Desktop\Photonics\CST\exercise\Result\Port2_pInfo1(#0001).pmf
C:\Users\chris\Desktop\Photonics\CST\exercise\Result\Port2_pInfo1(#0002).pmf
C:\Users\chris\Desktop\Photonics\CST\exercise\Result\Port2_pInfo1(#0003).pmf
C:\Users\chris\Desktop\Photonics\CST\exercise\Result\Port2_pInfo1(#0004).pmf
C:\Users\chris\Desktop\Photonics\CST\exercise\Result\Port2_pInfo1(#0005).pmf
C:\Users\chris\Desktop\Photonics\CST\exercise\Result\Port2_pInfo1(#0006).pmf
C:\Users\chris\Desktop\Photonics\CST\exercise\Result\Port2_pInfo1(#0007).pmf
C:\Users\chris\Desktop\Photonics\CST\exercise\Result\Port2_pInfo1(#0008).pmf
C:\Users\chris\Desktop\Photonics\CST\exercise\Result\Port2_pInfo1(#0009).pmf
C:\Users\chris\Desktop\Photonics\CST\exercise\Result\Port2_pInfo1(#0010).pmf
C:\Users\chris\Desktop\Photonics\CST\exercise\Result\Port2_pInfo2(#0000).pmf
C:\Users\chris\Desktop\Photonics\CST\exercise\Result\Port2_pInfo2(#0001).pmf
C:\Users\chris\Desktop\Photonics\CST\exercise\Result\Port2_pInfo2(#0002).pmf
C:\Users\chris\Desktop\Photonics\CST\exercise\Result\Port2_pInfo2(#0003).pmf
C:\Users\chris\Desktop\Photonics\CST\exercise\Result\Port2_pInfo2(#0004).pmf
C:\Users\chris\Desktop\Photonics\CST\exercise\Result\Port2_pInfo2(#0005).pmf
C:\Users\chris\Desktop\Photonics\CST\exercise\Result\Port2_pInfo2(#0006).pmf
C:\Users\chris\Desktop\Photonics\CST\exercise\Result\Port2_pInfo2(#0007).pmf
C:\Users\chris\Desktop\Photonics\CST\exercise\Result\Port2_pInfo2(#0008).pmf
C:\Users\chris\Desktop\Photonics\CST\exercise\Result\Port2_pInfo2(#0009).pmf
C:\Users\chris\Desktop\Photonics\CST\exercise\Result\Port2_pInfo2(#0010).pmf
C:\Users\chris\Desktop\Photonics\CST\exercise\Result\Port2_pout1(#0000).sct
C:\Users\chris\Desktop\Photonics\CST\exercise\Result\Port2_pout1(#0001).sct
C:\Users\chris\Desktop\Photonics\CST\exercise\Result\Port2_pout1(#0002).sct
C:\Users\chris\Desktop\Photonics\CST\exercise\Result\Port2_pout1(#0003).sct
C:\Users\chris\Desktop\Photonics\CST\exercise\Result\Port2_pout1(#0004).sct
C:\Users\chris\Desktop\Photonics\CST\exercise\Result\Port2_pout1(#0005).sct
C:\Users\chris\Desktop\Photonics\CST\exercise\Result\Port2_pout1(#0006).sct
C:\Users\chris\Desktop\Photonics\CST\exercise\Result\Port2_pout1(#0007).sct
C:\Users\chris\Desktop\Photonics\CST\exercise\Result\Port2_pout1(#0008).sct
C:\Users\chris\Desktop\Photonics\CST\exercise\Result\Port2_pout1(#0009).sct
C:\Users\chris\Desktop\Photonics\CST\exercise\Result\Port2_pout1(#0010).sct
C:\Users\chris\Desktop\Photonics\CST\exercise\Result\Port2_pout1_pmm_0.149896229.tfo
C:\Users\chris\Desktop\Photonics\CST\exercise\Result\Port2_pout1_pmm_0.164286266984.tfo
C:\Users\chris\Desktop\Photonics\CST\exercise\Result\Port2_pout1_pmm_0.192166965578.tfo
C:\Users\chris\Desktop\Photonics\CST\exercise\Result\Port2_pout1_pmm_0.26231840075.tfo
C:\Users\chris\Desktop\Photonics\CST\exercise\Result\Port2_pout1_pmm_0.306837580763.tfo
C:\Users\chris\Desktop\Photonics\CST\exercise\Result\Port2_pout1_pmm_0.3747405725.tfo
C:\Users\chris\Desktop\Photonics\CST\exercise\Result\Port2_pout1_pmm_0.477719281823.tfo
C:\Users\chris\Desktop\Photonics\CST\exercise\Result\Port2_pout1_pmm_0.48716274425.tfo
C:\Users\chris\Desktop\Photonics\CST\exercise\Result\Port2_pout1_pmm_0.561811066292.tfo
C:\Users\chris\Desktop\Photonics\CST\exercise\Result\Port2_pout1_pmm_0.587443321451.tfo
C:\Users\chris\Desktop\Photonics\CST\exercise\Result\Port2_pout1_pmm_0.599584916.tfo
C:\Users\chris\Desktop\Photonics\CST\exercise\Result\Port2_pout2(#0000).sct
C:\Users\chris\Desktop\Photonics\CST\exercise\Result\Port2_pout2(#0001).sct
C:\Users\chris\Desktop\Photonics\CST\exercise\Result\Port2_pout2(#0002).sct
C:\Users\chris\Desktop\Photonics\CST\exercise\Result\Port2_pout2(#0003).sct
C:\Users\chris\Desktop\Photonics\CST\exercise\Result\Port2_pout2(#0004).sct
C:\Users\chris\Desktop\Photonics\CST\exercise\Result\Port2_pout2(#0005).sct
C:\Users\chris\Desktop\Photonics\CST\exercise\Result\Port2_pout2(#0006).sct
C:\Users\chris\Desktop\Photonics\CST\exercise\Result\Port2_pout2(#0007).sct
C:\Users\chris\Desktop\Photonics\CST\exercise\Result\Port2_pout2(#0008).sct
C:\Users\chris\Desktop\Photonics\CST\exercise\Result\Port2_pout2(#0009).sct
C:\Users\chris\Desktop\Photonics\CST\exercise\Result\Port2_pout2(#0010).sct
C:\Users\chris\Desktop\Photonics\CST\exercise\Result\Port2_pout2_pmm_0.149896229.tfo
C:\Users\chris\Desktop\Photonics\CST\exercise\Result\Port2_pout2_pmm_0.164286266984.tfo
C:\Users\chris\Desktop\Photonics\CST\exercise\Result\Port2_pout2_pmm_0.192166965578.tfo
C:\Users\chris\Desktop\Photonics\CST\exercise\Result\Port2_pout2_pmm_0.26231840075.tfo
C:\Users\chris\Desktop\Photonics\CST\exercise\Result\Port2_pout2_pmm_0.306837580763.tfo
C:\Users\chris\Desktop\Photonics\CST\exercise\Result\Port2_pout2_pmm_0.3747405725.tfo
C:\Users\chris\Desktop\Photonics\CST\exercise\Result\Port2_pout2_pmm_0.477719281823.tfo
C:\Users\chris\Desktop\Photonics\CST\exercise\Result\Port2_pout2_pmm_0.48716274425.tfo
C:\Users\chris\Desktop\Photonics\CST\exercise\Result\Port2_pout2_pmm_0.561811066292.tfo
C:\Users\chris\Desktop\Photonics\CST\exercise\Result\Port2_pout2_pmm_0.587443321451.tfo
C:\Users\chris\Desktop\Photonics\CST\exercise\Result\Port2_pout2_pmm_0.599584916.tfo
C:\Users\chris\Desktop\Photonics\CST\exercise\Result\Postprocessing.log
C:\Users\chris\Desktop\Photonics\CST\exercise\Result\SolCoef(#0000)_Zmax(1).scf
C:\Users\chris\Desktop\Photonics\CST\exercise\Result\SolCoef(#0000)_Zmax(2).scf
C:\Users\chris\Desktop\Photonics\CST\exercise\Result\SolCoef(#0001)_Zmax(1).scf
C:\Users\chris\Desktop\Photonics\CST\exercise\Result\SolCoef(#0001)_Zmax(2).scf
C:\Users\chris\Desktop\Photonics\CST\exercise\Result\SolCoef(#0002)_Zmax(1).scf
C:\Users\chris\Desktop\Photonics\CST\exercise\Result\SolCoef(#0002)_Zmax(2).scf
C:\Users\chris\Desktop\Photonics\CST\exercise\Result\SolCoef(#0003)_Zmax(1).scf
C:\Users\chris\Desktop\Photonics\CST\exercise\Result\SolCoef(#0003)_Zmax(2).scf
C:\Users\chris\Desktop\Photonics\CST\exercise\Result\SolCoef(#0004)_Zmax(1).scf
C:\Users\chris\Desktop\Photonics\CST\exercise\Result\SolCoef(#0004)_Zmax(2).scf
C:\Users\chris\Desktop\Photonics\CST\exercise\Result\SolCoef(#0005)_Zmax(1).scf
C:\Users\chris\Desktop\Photonics\CST\exercise\Result\SolCoef(#0005)_Zmax(2).scf
C:\Users\chris\Desktop\Photonics\CST\exercise\Result\SolCoef(#0006)_Zmax(1).scf
C:\Users\chris\Desktop\Photonics\CST\exercise\Result\SolCoef(#0006)_Zmax(2).scf
C:\Users\chris\Desktop\Photonics\CST\exercise\Result\SolCoef(#0007)_Zmax(1).scf
C:\Users\chris\Desktop\Photonics\CST\exercise\Result\SolCoef(#0007)_Zmax(2).scf
C:\Users\chris\Desktop\Photonics\CST\exercise\Result\SolCoef(#0008)_Zmax(1).scf
C:\Users\chris\Desktop\Photonics\CST\exercise\Result\SolCoef(#0008)_Zmax(2).scf
C:\Users\chris\Desktop\Photonics\CST\exercise\Result\SolCoef(#0009)_Zmax(1).scf
C:\Users\chris\Desktop\Photonics\CST\exercise\Result\SolCoef(#0009)_Zmax(2).scf
C:\Users\chris\Desktop\Photonics\CST\exercise\Result\SolCoef(#0010)_Zmax(1).scf
C:\Users\chris\Desktop\Photonics\CST\exercise\Result\SolCoef(#0010)_Zmax(2).scf
Mesh:
C:\Users\chris\Desktop\Photonics\CST\exercise\Result\3do.slim
C:\Users\chris\Desktop\Photonics\CST\exercise\Result\bad0.tet
C:\Users\chris\Desktop\Photonics\CST\exercise\Result\CellNameTo_ML_BGIDMap.tet
C:\Users\chris\Desktop\Photonics\CST\exercise\Result\Entities2Mesh.tet
C:\Users\chris\Desktop\Photonics\CST\exercise\Result\log.tet
C:\Users\chris\Desktop\Photonics\CST\exercise\Result\meshprops.tet
C:\Users\chris\Desktop\Photonics\CST\exercise\Result\mir.tet
C:\Users\chris\Desktop\Photonics\CST\exercise\Result\ML_BGID_To_ZStart_Map.tet
C:\Users\chris\Desktop\Photonics\CST\exercise\Result\Model.mss
C:\Users\chris\Desktop\Photonics\CST\exercise\Result\moegeom.tet
C:\Users\chris\Desktop\Photonics\CST\exercise\Result\Port1.slim
C:\Users\chris\Desktop\Photonics\CST\exercise\Result\Port2.slim
C:\Users\chris\Desktop\Photonics\CST\exercise\Result\reftags.tet
C:\Users\chris\Desktop\Photonics\CST\exercise\Result\tetquality.tet
C:\Users\chris\Desktop\Photonics\CST\exercise\Result\topot.tet
Port:
C:\Users\chris\Desktop\Photonics\CST\exercise\Result\Model.pmi
